TRACE::2023-05-22.10:55:46::SCWPlatform::Trying to open the hw design at C:/Users/mafassi/Desktop/UART_LVDS_Vitis/Microblaze_LVDS/hw/Microblaze_LVDS.xsa
TRACE::2023-05-22.10:55:46::SCWPlatform::DSA given C:/Users/mafassi/Desktop/UART_LVDS_Vitis/Microblaze_LVDS/hw/Microblaze_LVDS.xsa
TRACE::2023-05-22.10:55:46::SCWPlatform::DSA absoulate path C:/Users/mafassi/Desktop/UART_LVDS_Vitis/Microblaze_LVDS/hw/Microblaze_LVDS.xsa
TRACE::2023-05-22.10:55:48::SCWPlatform::DSA directory C:/Users/mafassi/Desktop/UART_LVDS_Vitis/Microblaze_LVDS/hw
TRACE::2023-05-22.10:55:48::SCWPlatform:: Platform Path C:/Users/mafassi/Desktop/UART_LVDS_Vitis/Microblaze_LVDS/hw/Microblaze_LVDS.xsa
TRACE::2023-05-22.10:55:48::SCWPlatform:: Unique name xilinx:nexys_video::0.0
TRACE::2023-05-22.10:55:48::SCWPlatform::Do not have an existing db opened. 
TRACE::2023-05-22.10:55:48::SCWPlatform::Opened new HwDB with name design_1_wrapper_0
TRACE::2023-05-22.10:55:48::SCWWriter::formatted JSON is {
	"platformName":	"Microblaze_LVDS",
	"sprVersion":	"2.0",
	"mode":	"gui",
	"dsaType":	"Fixed",
	"platformDesc":	"Microblaze_LVDS",
	"platHandOff":	"C:/Users/mafassi/Downloads/carte_blowbox/blowbox/Microblaze5/Microblaze_LVDS.xsa",
	"platIntHandOff":	"<platformDir>/hw/Microblaze_LVDS.xsa",
	"deviceType":	"FPGA",
	"platIsPrebuiltAutogen":	"false",
	"platIsNoBootBsp":	"false",
	"hasFsblMakeHasChanges":	"false",
	"hasPmufwMakeHasChanges":	"false",
	"platPreBuiltFlag":	false,
	"platformSamplesDir":	""
}
TRACE::2023-05-22.10:55:48::SCWWriter::formatted JSON is {
	"platformName":	"Microblaze_LVDS",
	"sprVersion":	"2.0",
	"mode":	"gui",
	"dsaType":	"Fixed",
	"platformDesc":	"Microblaze_LVDS",
	"platHandOff":	"C:/Users/mafassi/Downloads/carte_blowbox/blowbox/Microblaze5/Microblaze_LVDS.xsa",
	"platIntHandOff":	"<platformDir>/hw/Microblaze_LVDS.xsa",
	"deviceType":	"FPGA",
	"platIsPrebuiltAutogen":	"false",
	"platIsNoBootBsp":	"false",
	"hasFsblMakeHasChanges":	"false",
	"hasPmufwMakeHasChanges":	"false",
	"platPreBuiltFlag":	false,
	"platformSamplesDir":	"",
	"platActiveSys":	"Microblaze_LVDS",
	"systems":	[{
			"systemName":	"Microblaze_LVDS",
			"systemDesc":	"Microblaze_LVDS",
			"sysIsBootAutoGen":	"true",
			"systemDispName":	"Microblaze_LVDS"
		}]
}
TRACE::2023-05-22.10:55:48::SCWPlatform::Boot application domains not present, creating them
TRACE::2023-05-22.10:55:48::SCWPlatform::Pure FPGA device, no boot application will be created.
TRACE::2023-05-22.10:55:48::SCWWriter::formatted JSON is {
	"platformName":	"Microblaze_LVDS",
	"sprVersion":	"2.0",
	"mode":	"gui",
	"dsaType":	"Fixed",
	"platformDesc":	"Microblaze_LVDS",
	"platHandOff":	"C:/Users/mafassi/Downloads/carte_blowbox/blowbox/Microblaze5/Microblaze_LVDS.xsa",
	"platIntHandOff":	"<platformDir>/hw/Microblaze_LVDS.xsa",
	"deviceType":	"FPGA",
	"platIsPrebuiltAutogen":	"false",
	"platIsNoBootBsp":	"false",
	"hasFsblMakeHasChanges":	"false",
	"hasPmufwMakeHasChanges":	"false",
	"platPreBuiltFlag":	false,
	"platformSamplesDir":	"",
	"platActiveSys":	"Microblaze_LVDS",
	"systems":	[{
			"systemName":	"Microblaze_LVDS",
			"systemDesc":	"Microblaze_LVDS",
			"sysIsBootAutoGen":	"true",
			"systemDispName":	"Microblaze_LVDS"
		}]
}
TRACE::2023-05-22.10:55:48::SCWWriter::formatted JSON is {
	"platformName":	"Microblaze_LVDS",
	"sprVersion":	"2.0",
	"mode":	"gui",
	"dsaType":	"Fixed",
	"platformDesc":	"Microblaze_LVDS",
	"platHandOff":	"C:/Users/mafassi/Downloads/carte_blowbox/blowbox/Microblaze5/Microblaze_LVDS.xsa",
	"platIntHandOff":	"<platformDir>/hw/Microblaze_LVDS.xsa",
	"deviceType":	"FPGA",
	"platIsPrebuiltAutogen":	"false",
	"platIsNoBootBsp":	"false",
	"hasFsblMakeHasChanges":	"false",
	"hasPmufwMakeHasChanges":	"false",
	"platPreBuiltFlag":	false,
	"platformSamplesDir":	"",
	"platActiveSys":	"Microblaze_LVDS",
	"systems":	[{
			"systemName":	"Microblaze_LVDS",
			"systemDesc":	"Microblaze_LVDS",
			"sysIsBootAutoGen":	"true",
			"systemDispName":	"Microblaze_LVDS"
		}]
}
TRACE::2023-05-22.10:55:48::SCWPlatform::Trying to open the hw design at C:/Users/mafassi/Desktop/UART_LVDS_Vitis/Microblaze_LVDS/hw/Microblaze_LVDS.xsa
TRACE::2023-05-22.10:55:48::SCWPlatform::DSA given C:/Users/mafassi/Desktop/UART_LVDS_Vitis/Microblaze_LVDS/hw/Microblaze_LVDS.xsa
TRACE::2023-05-22.10:55:48::SCWPlatform::DSA absoulate path C:/Users/mafassi/Desktop/UART_LVDS_Vitis/Microblaze_LVDS/hw/Microblaze_LVDS.xsa
TRACE::2023-05-22.10:55:48::SCWPlatform::DSA directory C:/Users/mafassi/Desktop/UART_LVDS_Vitis/Microblaze_LVDS/hw
TRACE::2023-05-22.10:55:48::SCWPlatform:: Platform Path C:/Users/mafassi/Desktop/UART_LVDS_Vitis/Microblaze_LVDS/hw/Microblaze_LVDS.xsa
TRACE::2023-05-22.10:55:48::SCWPlatform:: Unique name xilinx:nexys_video::0.0
TRACE::2023-05-22.10:55:48::SCWPlatform::Trying to set the existing hwdb with name design_1_wrapper_0
TRACE::2023-05-22.10:55:48::SCWPlatform::Opened existing hwdb design_1_wrapper_0
TRACE::2023-05-22.10:55:48::SCWPlatform::Found the Hw Db part of the input DSA
TRACE::2023-05-22.10:55:48::SCWDomain::checking for install qemu data   : 
TRACE::2023-05-22.10:55:48::SCWPlatform::Trying to open the hw design at C:/Users/mafassi/Desktop/UART_LVDS_Vitis/Microblaze_LVDS/hw/Microblaze_LVDS.xsa
TRACE::2023-05-22.10:55:48::SCWPlatform::DSA given C:/Users/mafassi/Desktop/UART_LVDS_Vitis/Microblaze_LVDS/hw/Microblaze_LVDS.xsa
TRACE::2023-05-22.10:55:48::SCWPlatform::DSA absoulate path C:/Users/mafassi/Desktop/UART_LVDS_Vitis/Microblaze_LVDS/hw/Microblaze_LVDS.xsa
TRACE::2023-05-22.10:55:48::SCWPlatform::DSA directory C:/Users/mafassi/Desktop/UART_LVDS_Vitis/Microblaze_LVDS/hw
TRACE::2023-05-22.10:55:48::SCWPlatform:: Platform Path C:/Users/mafassi/Desktop/UART_LVDS_Vitis/Microblaze_LVDS/hw/Microblaze_LVDS.xsa
TRACE::2023-05-22.10:55:48::SCWPlatform:: Unique name xilinx:nexys_video::0.0
TRACE::2023-05-22.10:55:48::SCWPlatform::Trying to set the existing hwdb with name design_1_wrapper_0
TRACE::2023-05-22.10:55:48::SCWPlatform::Opened existing hwdb design_1_wrapper_0
TRACE::2023-05-22.10:55:48::SCWPlatform::Found the Hw Db part of the input DSA
TRACE::2023-05-22.10:55:48::SCWPlatform::Trying to open the hw design at C:/Users/mafassi/Desktop/UART_LVDS_Vitis/Microblaze_LVDS/hw/Microblaze_LVDS.xsa
TRACE::2023-05-22.10:55:48::SCWPlatform::DSA given C:/Users/mafassi/Desktop/UART_LVDS_Vitis/Microblaze_LVDS/hw/Microblaze_LVDS.xsa
TRACE::2023-05-22.10:55:48::SCWPlatform::DSA absoulate path C:/Users/mafassi/Desktop/UART_LVDS_Vitis/Microblaze_LVDS/hw/Microblaze_LVDS.xsa
TRACE::2023-05-22.10:55:48::SCWPlatform::DSA directory C:/Users/mafassi/Desktop/UART_LVDS_Vitis/Microblaze_LVDS/hw
TRACE::2023-05-22.10:55:48::SCWPlatform:: Platform Path C:/Users/mafassi/Desktop/UART_LVDS_Vitis/Microblaze_LVDS/hw/Microblaze_LVDS.xsa
TRACE::2023-05-22.10:55:48::SCWPlatform:: Unique name xilinx:nexys_video::0.0
TRACE::2023-05-22.10:55:48::SCWPlatform::Trying to set the existing hwdb with name design_1_wrapper_0
TRACE::2023-05-22.10:55:48::SCWPlatform::Opened existing hwdb design_1_wrapper_0
TRACE::2023-05-22.10:55:48::SCWPlatform::Found the Hw Db part of the input DSA
TRACE::2023-05-22.10:55:48::SCWPlatform::Trying to open the hw design at C:/Users/mafassi/Desktop/UART_LVDS_Vitis/Microblaze_LVDS/hw/Microblaze_LVDS.xsa
TRACE::2023-05-22.10:55:48::SCWPlatform::DSA given C:/Users/mafassi/Desktop/UART_LVDS_Vitis/Microblaze_LVDS/hw/Microblaze_LVDS.xsa
TRACE::2023-05-22.10:55:48::SCWPlatform::DSA absoulate path C:/Users/mafassi/Desktop/UART_LVDS_Vitis/Microblaze_LVDS/hw/Microblaze_LVDS.xsa
TRACE::2023-05-22.10:55:48::SCWPlatform::DSA directory C:/Users/mafassi/Desktop/UART_LVDS_Vitis/Microblaze_LVDS/hw
TRACE::2023-05-22.10:55:48::SCWPlatform:: Platform Path C:/Users/mafassi/Desktop/UART_LVDS_Vitis/Microblaze_LVDS/hw/Microblaze_LVDS.xsa
TRACE::2023-05-22.10:55:48::SCWPlatform:: Unique name xilinx:nexys_video::0.0
TRACE::2023-05-22.10:55:48::SCWPlatform::Trying to set the existing hwdb with name design_1_wrapper_0
TRACE::2023-05-22.10:55:48::SCWPlatform::Opened existing hwdb design_1_wrapper_0
TRACE::2023-05-22.10:55:48::SCWPlatform::Found the Hw Db part of the input DSA
TRACE::2023-05-22.10:55:48::SCWMssOS::Checking the sw design at  C:/Users/mafassi/Desktop/UART_LVDS_Vitis/Microblaze_LVDS/microblaze_0/standalone_microblaze_0/bsp/system.mss
TRACE::2023-05-22.10:55:48::SCWMssOS::DEBUG:  swdes dump  
TRACE::2023-05-22.10:55:48::SCWMssOS::No sw design opened at  C:/Users/mafassi/Desktop/UART_LVDS_Vitis/Microblaze_LVDS/microblaze_0/standalone_microblaze_0/bsp/system.mss
TRACE::2023-05-22.10:55:48::SCWMssOS::mss does not exists at C:/Users/mafassi/Desktop/UART_LVDS_Vitis/Microblaze_LVDS/microblaze_0/standalone_microblaze_0/bsp/system.mss
TRACE::2023-05-22.10:55:48::SCWMssOS::Creating sw design at  C:/Users/mafassi/Desktop/UART_LVDS_Vitis/Microblaze_LVDS/microblaze_0/standalone_microblaze_0/bsp/system.mss
TRACE::2023-05-22.10:55:48::SCWMssOS::Adding the swdes entry, created swdb C:/Users/mafassi/Desktop/UART_LVDS_Vitis/Microblaze_LVDS/microblaze_0/standalone_microblaze_0/bsp/system.mss with des name C:/Users/mafassi/Desktop/UART_LVDS_Vitis/Microblaze_LVDS/microblaze_0/standalone_microblaze_0/bsp/system.mss
TRACE::2023-05-22.10:55:48::SCWMssOS::updating the scw layer changes to swdes at   C:/Users/mafassi/Desktop/UART_LVDS_Vitis/Microblaze_LVDS/microblaze_0/standalone_microblaze_0/bsp/system.mss
TRACE::2023-05-22.10:55:48::SCWMssOS::Writing mss at C:/Users/mafassi/Desktop/UART_LVDS_Vitis/Microblaze_LVDS/microblaze_0/standalone_microblaze_0/bsp/system.mss
TRACE::2023-05-22.10:55:48::SCWMssOS::Completed writing the mss file at C:/Users/mafassi/Desktop/UART_LVDS_Vitis/Microblaze_LVDS/microblaze_0/standalone_microblaze_0/bsp
TRACE::2023-05-22.10:55:48::SCWMssOS::Picking up changes from newly written mss file into SCW Layer. 
TRACE::2023-05-22.10:55:48::SCWMssOS::Updated the changes from newly written mss file into SCW Layer. 
TRACE::2023-05-22.10:55:48::SCWMssOS::Completed writing the mss file at C:/Users/mafassi/Desktop/UART_LVDS_Vitis/Microblaze_LVDS/microblaze_0/standalone_microblaze_0/bsp
TRACE::2023-05-22.10:55:48::SCWMssOS::Forcing BSP Sources regeneration.
TRACE::2023-05-22.10:55:49::SCWMssOS::Saving the mss changes C:/Users/mafassi/Desktop/UART_LVDS_Vitis/Microblaze_LVDS/microblaze_0/standalone_microblaze_0/bsp/system.mss
TRACE::2023-05-22.10:55:49::SCWMssOS::Found a swdesign opened with the mssfile.
TRACE::2023-05-22.10:55:49::SCWMssOS::Running validate of swdbs.
KEYINFO::2023-05-22.10:55:49::SCWMssOS::Could not open the swdb for C:/Users/mafassi/Desktop/UART_LVDS_Vitis/Microblaze_LVDS/microblaze_0/standalone_microblaze_0/bsp/system.mss
KEYINFO::2023-05-22.10:55:49::SCWMssOS::Could not open the sw design at  C:/Users/mafassi/Desktop/UART_LVDS_Vitis/Microblaze_LVDS/microblaze_0/standalone_microblaze_0/bsp/system.mss
ERROR: [Hsi 55-1558] Software Design C:/Users/mafassi/Desktop/UART_LVDS_Vitis/Microblaze_LVDS/microblaze_0/standalone_microblaze_0/bsp/system.mss is not found

TRACE::2023-05-22.10:55:49::SCWMssOS::Cleared the swdb table entry
TRACE::2023-05-22.10:55:49::SCWMssOS::Adding the swdes entry, mss present, able to open swdb C:/Users/mafassi/Desktop/UART_LVDS_Vitis/Microblaze_LVDS/microblaze_0/standalone_microblaze_0/bsp/system.mss with des name system
TRACE::2023-05-22.10:55:49::SCWMssOS::Writing the mss file completed C:/Users/mafassi/Desktop/UART_LVDS_Vitis/Microblaze_LVDS/microblaze_0/standalone_microblaze_0/bsp/system.mss
TRACE::2023-05-22.10:55:49::SCWMssOS::Commit changes completed.
TRACE::2023-05-22.10:55:49::SCWPlatform::Trying to open the hw design at C:/Users/mafassi/Desktop/UART_LVDS_Vitis/Microblaze_LVDS/hw/Microblaze_LVDS.xsa
TRACE::2023-05-22.10:55:49::SCWPlatform::DSA given C:/Users/mafassi/Desktop/UART_LVDS_Vitis/Microblaze_LVDS/hw/Microblaze_LVDS.xsa
TRACE::2023-05-22.10:55:49::SCWPlatform::DSA absoulate path C:/Users/mafassi/Desktop/UART_LVDS_Vitis/Microblaze_LVDS/hw/Microblaze_LVDS.xsa
TRACE::2023-05-22.10:55:49::SCWPlatform::DSA directory C:/Users/mafassi/Desktop/UART_LVDS_Vitis/Microblaze_LVDS/hw
TRACE::2023-05-22.10:55:49::SCWPlatform:: Platform Path C:/Users/mafassi/Desktop/UART_LVDS_Vitis/Microblaze_LVDS/hw/Microblaze_LVDS.xsa
TRACE::2023-05-22.10:55:49::SCWPlatform:: Unique name xilinx:nexys_video::0.0
TRACE::2023-05-22.10:55:49::SCWPlatform::Trying to set the existing hwdb with name design_1_wrapper_0
TRACE::2023-05-22.10:55:49::SCWPlatform::Opened existing hwdb design_1_wrapper_0
TRACE::2023-05-22.10:55:49::SCWPlatform::Found the Hw Db part of the input DSA
TRACE::2023-05-22.10:55:49::SCWMssOS::Checking the sw design at  C:/Users/mafassi/Desktop/UART_LVDS_Vitis/Microblaze_LVDS/microblaze_0/standalone_microblaze_0/bsp/system.mss
TRACE::2023-05-22.10:55:49::SCWMssOS::DEBUG:  swdes dump  C:/Users/mafassi/Desktop/UART_LVDS_Vitis/Microblaze_LVDS/microblaze_0/standalone_microblaze_0/bsp/system.mss|system||

TRACE::2023-05-22.10:55:49::SCWMssOS::Sw design exists and opened at  C:/Users/mafassi/Desktop/UART_LVDS_Vitis/Microblaze_LVDS/microblaze_0/standalone_microblaze_0/bsp/system.mss
TRACE::2023-05-22.10:55:49::SCWPlatform::Trying to open the hw design at C:/Users/mafassi/Desktop/UART_LVDS_Vitis/Microblaze_LVDS/hw/Microblaze_LVDS.xsa
TRACE::2023-05-22.10:55:49::SCWPlatform::DSA given C:/Users/mafassi/Desktop/UART_LVDS_Vitis/Microblaze_LVDS/hw/Microblaze_LVDS.xsa
TRACE::2023-05-22.10:55:49::SCWPlatform::DSA absoulate path C:/Users/mafassi/Desktop/UART_LVDS_Vitis/Microblaze_LVDS/hw/Microblaze_LVDS.xsa
TRACE::2023-05-22.10:55:49::SCWPlatform::DSA directory C:/Users/mafassi/Desktop/UART_LVDS_Vitis/Microblaze_LVDS/hw
TRACE::2023-05-22.10:55:49::SCWPlatform:: Platform Path C:/Users/mafassi/Desktop/UART_LVDS_Vitis/Microblaze_LVDS/hw/Microblaze_LVDS.xsa
TRACE::2023-05-22.10:55:49::SCWPlatform:: Unique name xilinx:nexys_video::0.0
TRACE::2023-05-22.10:55:49::SCWPlatform::Trying to set the existing hwdb with name design_1_wrapper_0
TRACE::2023-05-22.10:55:49::SCWPlatform::Opened existing hwdb design_1_wrapper_0
TRACE::2023-05-22.10:55:49::SCWPlatform::Found the Hw Db part of the input DSA
TRACE::2023-05-22.10:55:49::SCWMssOS::Checking the sw design at  C:/Users/mafassi/Desktop/UART_LVDS_Vitis/Microblaze_LVDS/microblaze_0/standalone_microblaze_0/bsp/system.mss
TRACE::2023-05-22.10:55:49::SCWMssOS::DEBUG:  swdes dump  C:/Users/mafassi/Desktop/UART_LVDS_Vitis/Microblaze_LVDS/microblaze_0/standalone_microblaze_0/bsp/system.mss|system||

TRACE::2023-05-22.10:55:49::SCWMssOS::Sw design exists and opened at  C:/Users/mafassi/Desktop/UART_LVDS_Vitis/Microblaze_LVDS/microblaze_0/standalone_microblaze_0/bsp/system.mss
TRACE::2023-05-22.10:55:49::SCWPlatform::Trying to open the hw design at C:/Users/mafassi/Desktop/UART_LVDS_Vitis/Microblaze_LVDS/hw/Microblaze_LVDS.xsa
TRACE::2023-05-22.10:55:49::SCWPlatform::DSA given C:/Users/mafassi/Desktop/UART_LVDS_Vitis/Microblaze_LVDS/hw/Microblaze_LVDS.xsa
TRACE::2023-05-22.10:55:49::SCWPlatform::DSA absoulate path C:/Users/mafassi/Desktop/UART_LVDS_Vitis/Microblaze_LVDS/hw/Microblaze_LVDS.xsa
TRACE::2023-05-22.10:55:49::SCWPlatform::DSA directory C:/Users/mafassi/Desktop/UART_LVDS_Vitis/Microblaze_LVDS/hw
TRACE::2023-05-22.10:55:49::SCWPlatform:: Platform Path C:/Users/mafassi/Desktop/UART_LVDS_Vitis/Microblaze_LVDS/hw/Microblaze_LVDS.xsa
TRACE::2023-05-22.10:55:49::SCWPlatform:: Unique name xilinx:nexys_video::0.0
TRACE::2023-05-22.10:55:49::SCWPlatform::Trying to set the existing hwdb with name design_1_wrapper_0
TRACE::2023-05-22.10:55:49::SCWPlatform::Opened existing hwdb design_1_wrapper_0
TRACE::2023-05-22.10:55:49::SCWPlatform::Found the Hw Db part of the input DSA
TRACE::2023-05-22.10:55:49::SCWMssOS::Checking the sw design at  C:/Users/mafassi/Desktop/UART_LVDS_Vitis/Microblaze_LVDS/microblaze_0/standalone_microblaze_0/bsp/system.mss
TRACE::2023-05-22.10:55:49::SCWMssOS::DEBUG:  swdes dump  C:/Users/mafassi/Desktop/UART_LVDS_Vitis/Microblaze_LVDS/microblaze_0/standalone_microblaze_0/bsp/system.mss|system||

TRACE::2023-05-22.10:55:49::SCWMssOS::Sw design exists and opened at  C:/Users/mafassi/Desktop/UART_LVDS_Vitis/Microblaze_LVDS/microblaze_0/standalone_microblaze_0/bsp/system.mss
TRACE::2023-05-22.10:55:49::SCWWriter::formatted JSON is {
	"platformName":	"Microblaze_LVDS",
	"sprVersion":	"2.0",
	"mode":	"gui",
	"dsaType":	"Fixed",
	"platformDesc":	"Microblaze_LVDS",
	"platHandOff":	"C:/Users/mafassi/Downloads/carte_blowbox/blowbox/Microblaze5/Microblaze_LVDS.xsa",
	"platIntHandOff":	"<platformDir>/hw/Microblaze_LVDS.xsa",
	"deviceType":	"FPGA",
	"platIsPrebuiltAutogen":	"false",
	"platIsNoBootBsp":	"false",
	"hasFsblMakeHasChanges":	"false",
	"hasPmufwMakeHasChanges":	"false",
	"platPreBuiltFlag":	false,
	"platformSamplesDir":	"",
	"platActiveSys":	"Microblaze_LVDS",
	"systems":	[{
			"systemName":	"Microblaze_LVDS",
			"systemDesc":	"Microblaze_LVDS",
			"sysIsBootAutoGen":	"true",
			"systemDispName":	"Microblaze_LVDS",
			"sysActiveDom":	"standalone_microblaze_0",
			"sysDefaultDom":	"standalone_microblaze_0",
			"domains":	[{
					"domainName":	"standalone_microblaze_0",
					"domainDispName":	"standalone_microblaze_0",
					"domainDesc":	"standalone_microblaze_0",
					"processors":	"microblaze_0",
					"os":	"standalone",
					"sdxOs":	"standalone",
					"debugEnable":	"False",
					"domRuntimes":	["cpp"],
					"swRepo":	"",
					"mssOsVer":	"7.3",
					"mssFile":	"",
					"md5Digest":	"7090ec96ed4e3e3afe4a562cc0a0369a",
					"compatibleApp":	"hello_world",
					"domType":	"mssDomain",
					"arch":	"32-bit",
					"appSettings":	{
						"appCompilerFlags":	"",
						"appLinkerFlags":	""
					},
					"addedLibs":	[],
					"libOptions":	{
						"libsContainingOptions":	[]
					},
					"prebuiltLibs":	{
						"prebuiltIncPath":	[],
						"prebuiltLibPath":	[]
					},
					"isolation":	{
					}
				}]
		}]
}
LOG::2023-05-22.10:55:49::SCWPlatform::Started generating the artifacts platform Microblaze_LVDS
TRACE::2023-05-22.10:55:49::SCWPlatform::Sanity checking of platform is completed
LOG::2023-05-22.10:55:49::SCWPlatform::Started generating the artifacts for system configuration Microblaze_LVDS
LOG::2023-05-22.10:55:49::SCWSystem::Checking the domain standalone_microblaze_0
LOG::2023-05-22.10:55:49::SCWSystem::Not a boot domain 
LOG::2023-05-22.10:55:49::SCWSystem::Started Processing the domain standalone_microblaze_0
TRACE::2023-05-22.10:55:49::SCWDomain::Generating domain artifcats
TRACE::2023-05-22.10:55:49::SCWMssOS::Generating standalone artifcats
TRACE::2023-05-22.10:55:49::SCWMssOS:: Copying the user libraries. 
TRACE::2023-05-22.10:55:49::SCWPlatform::Trying to open the hw design at C:/Users/mafassi/Desktop/UART_LVDS_Vitis/Microblaze_LVDS/hw/Microblaze_LVDS.xsa
TRACE::2023-05-22.10:55:49::SCWPlatform::DSA given C:/Users/mafassi/Desktop/UART_LVDS_Vitis/Microblaze_LVDS/hw/Microblaze_LVDS.xsa
TRACE::2023-05-22.10:55:49::SCWPlatform::DSA absoulate path C:/Users/mafassi/Desktop/UART_LVDS_Vitis/Microblaze_LVDS/hw/Microblaze_LVDS.xsa
TRACE::2023-05-22.10:55:49::SCWPlatform::DSA directory C:/Users/mafassi/Desktop/UART_LVDS_Vitis/Microblaze_LVDS/hw
TRACE::2023-05-22.10:55:49::SCWPlatform:: Platform Path C:/Users/mafassi/Desktop/UART_LVDS_Vitis/Microblaze_LVDS/hw/Microblaze_LVDS.xsa
TRACE::2023-05-22.10:55:49::SCWPlatform:: Unique name xilinx:nexys_video::0.0
TRACE::2023-05-22.10:55:49::SCWPlatform::Trying to set the existing hwdb with name design_1_wrapper_0
TRACE::2023-05-22.10:55:49::SCWPlatform::Opened existing hwdb design_1_wrapper_0
TRACE::2023-05-22.10:55:49::SCWPlatform::Found the Hw Db part of the input DSA
TRACE::2023-05-22.10:55:49::SCWMssOS::Checking the sw design at  C:/Users/mafassi/Desktop/UART_LVDS_Vitis/Microblaze_LVDS/microblaze_0/standalone_microblaze_0/bsp/system.mss
TRACE::2023-05-22.10:55:49::SCWMssOS::DEBUG:  swdes dump  C:/Users/mafassi/Desktop/UART_LVDS_Vitis/Microblaze_LVDS/microblaze_0/standalone_microblaze_0/bsp/system.mss|system||

TRACE::2023-05-22.10:55:49::SCWMssOS::Sw design exists and opened at  C:/Users/mafassi/Desktop/UART_LVDS_Vitis/Microblaze_LVDS/microblaze_0/standalone_microblaze_0/bsp/system.mss
TRACE::2023-05-22.10:55:49::SCWMssOS::Completed writing the mss file at C:/Users/mafassi/Desktop/UART_LVDS_Vitis/Microblaze_LVDS/microblaze_0/standalone_microblaze_0/bsp
TRACE::2023-05-22.10:55:49::SCWMssOS::Mss edits present, copying mssfile into export location C:/Users/mafassi/Desktop/UART_LVDS_Vitis/Microblaze_LVDS/microblaze_0/standalone_microblaze_0/bsp/system.mss
TRACE::2023-05-22.10:55:49::SCWMssOS::bsp generated is upto date with the mss file. Skipping bsp generation.
TRACE::2023-05-22.10:55:49::SCWMssOS::BSP is already built. skipping the bsp build ... 
TRACE::2023-05-22.10:55:49::SCWDomain::Skipping the build for domain :  standalone_microblaze_0
TRACE::2023-05-22.10:55:49::SCWMssOS::skipping the bsp build ... 
TRACE::2023-05-22.10:55:49::SCWMssOS::Copying to export directory.
TRACE::2023-05-22.10:55:49::SCWMssOS:: Checking if to create the Supporting Applications
TRACE::2023-05-22.10:55:49::SCWMssOS:: No Linux domain exists, trying to generate FSBL 
LOG::2023-05-22.10:55:49::SCWSystem::Completed Processing the domain standalone_microblaze_0
LOG::2023-05-22.10:55:49::SCWSystem::Completed Processing the sysconfig Microblaze_LVDS
LOG::2023-05-22.10:55:49::SCWPlatform::Completed generating the artifacts for system configuration Microblaze_LVDS
TRACE::2023-05-22.10:55:49::SCWPlatform::Started preparing the platform 
TRACE::2023-05-22.10:55:49::SCWSystem::Writing the bif file for system config Microblaze_LVDS
TRACE::2023-05-22.10:55:49::SCWSystem::dir created 
TRACE::2023-05-22.10:55:49::SCWSystem::Writing the bif 
TRACE::2023-05-22.10:55:49::SCWPlatform::Started writing the spfm file 
TRACE::2023-05-22.10:55:49::SCWPlatform::Started writing the xpfm file 
TRACE::2023-05-22.10:55:49::SCWPlatform::Completed generating the platform
TRACE::2023-05-22.10:55:49::SCWMssOS::Saving the mss changes C:/Users/mafassi/Desktop/UART_LVDS_Vitis/Microblaze_LVDS/microblaze_0/standalone_microblaze_0/bsp/system.mss
TRACE::2023-05-22.10:55:49::SCWMssOS::Found a swdesign opened with the mssfile.
TRACE::2023-05-22.10:55:49::SCWMssOS::Completed writemss as part of save.
TRACE::2023-05-22.10:55:49::SCWMssOS::Commit changes completed.
TRACE::2023-05-22.10:55:49::SCWPlatform::Trying to open the hw design at C:/Users/mafassi/Desktop/UART_LVDS_Vitis/Microblaze_LVDS/hw/Microblaze_LVDS.xsa
TRACE::2023-05-22.10:55:49::SCWPlatform::DSA given C:/Users/mafassi/Desktop/UART_LVDS_Vitis/Microblaze_LVDS/hw/Microblaze_LVDS.xsa
TRACE::2023-05-22.10:55:49::SCWPlatform::DSA absoulate path C:/Users/mafassi/Desktop/UART_LVDS_Vitis/Microblaze_LVDS/hw/Microblaze_LVDS.xsa
TRACE::2023-05-22.10:55:49::SCWPlatform::DSA directory C:/Users/mafassi/Desktop/UART_LVDS_Vitis/Microblaze_LVDS/hw
TRACE::2023-05-22.10:55:49::SCWPlatform:: Platform Path C:/Users/mafassi/Desktop/UART_LVDS_Vitis/Microblaze_LVDS/hw/Microblaze_LVDS.xsa
TRACE::2023-05-22.10:55:49::SCWPlatform:: Unique name xilinx:nexys_video::0.0
TRACE::2023-05-22.10:55:49::SCWPlatform::Trying to set the existing hwdb with name design_1_wrapper_0
TRACE::2023-05-22.10:55:49::SCWPlatform::Opened existing hwdb design_1_wrapper_0
TRACE::2023-05-22.10:55:49::SCWPlatform::Found the Hw Db part of the input DSA
TRACE::2023-05-22.10:55:49::SCWMssOS::Checking the sw design at  C:/Users/mafassi/Desktop/UART_LVDS_Vitis/Microblaze_LVDS/microblaze_0/standalone_microblaze_0/bsp/system.mss
TRACE::2023-05-22.10:55:49::SCWMssOS::DEBUG:  swdes dump  C:/Users/mafassi/Desktop/UART_LVDS_Vitis/Microblaze_LVDS/microblaze_0/standalone_microblaze_0/bsp/system.mss|system||

TRACE::2023-05-22.10:55:49::SCWMssOS::Sw design exists and opened at  C:/Users/mafassi/Desktop/UART_LVDS_Vitis/Microblaze_LVDS/microblaze_0/standalone_microblaze_0/bsp/system.mss
TRACE::2023-05-22.10:55:49::SCWPlatform::Trying to open the hw design at C:/Users/mafassi/Desktop/UART_LVDS_Vitis/Microblaze_LVDS/hw/Microblaze_LVDS.xsa
TRACE::2023-05-22.10:55:49::SCWPlatform::DSA given C:/Users/mafassi/Desktop/UART_LVDS_Vitis/Microblaze_LVDS/hw/Microblaze_LVDS.xsa
TRACE::2023-05-22.10:55:49::SCWPlatform::DSA absoulate path C:/Users/mafassi/Desktop/UART_LVDS_Vitis/Microblaze_LVDS/hw/Microblaze_LVDS.xsa
TRACE::2023-05-22.10:55:49::SCWPlatform::DSA directory C:/Users/mafassi/Desktop/UART_LVDS_Vitis/Microblaze_LVDS/hw
TRACE::2023-05-22.10:55:49::SCWPlatform:: Platform Path C:/Users/mafassi/Desktop/UART_LVDS_Vitis/Microblaze_LVDS/hw/Microblaze_LVDS.xsa
TRACE::2023-05-22.10:55:49::SCWPlatform:: Unique name xilinx:nexys_video::0.0
TRACE::2023-05-22.10:55:49::SCWPlatform::Trying to set the existing hwdb with name design_1_wrapper_0
TRACE::2023-05-22.10:55:49::SCWPlatform::Opened existing hwdb design_1_wrapper_0
TRACE::2023-05-22.10:55:49::SCWPlatform::Found the Hw Db part of the input DSA
TRACE::2023-05-22.10:55:49::SCWMssOS::Checking the sw design at  C:/Users/mafassi/Desktop/UART_LVDS_Vitis/Microblaze_LVDS/microblaze_0/standalone_microblaze_0/bsp/system.mss
TRACE::2023-05-22.10:55:49::SCWMssOS::DEBUG:  swdes dump  C:/Users/mafassi/Desktop/UART_LVDS_Vitis/Microblaze_LVDS/microblaze_0/standalone_microblaze_0/bsp/system.mss|system||

TRACE::2023-05-22.10:55:49::SCWMssOS::Sw design exists and opened at  C:/Users/mafassi/Desktop/UART_LVDS_Vitis/Microblaze_LVDS/microblaze_0/standalone_microblaze_0/bsp/system.mss
TRACE::2023-05-22.10:55:49::SCWPlatform::Trying to open the hw design at C:/Users/mafassi/Desktop/UART_LVDS_Vitis/Microblaze_LVDS/hw/Microblaze_LVDS.xsa
TRACE::2023-05-22.10:55:49::SCWPlatform::DSA given C:/Users/mafassi/Desktop/UART_LVDS_Vitis/Microblaze_LVDS/hw/Microblaze_LVDS.xsa
TRACE::2023-05-22.10:55:49::SCWPlatform::DSA absoulate path C:/Users/mafassi/Desktop/UART_LVDS_Vitis/Microblaze_LVDS/hw/Microblaze_LVDS.xsa
TRACE::2023-05-22.10:55:49::SCWPlatform::DSA directory C:/Users/mafassi/Desktop/UART_LVDS_Vitis/Microblaze_LVDS/hw
TRACE::2023-05-22.10:55:49::SCWPlatform:: Platform Path C:/Users/mafassi/Desktop/UART_LVDS_Vitis/Microblaze_LVDS/hw/Microblaze_LVDS.xsa
TRACE::2023-05-22.10:55:49::SCWPlatform:: Unique name xilinx:nexys_video::0.0
TRACE::2023-05-22.10:55:49::SCWPlatform::Trying to set the existing hwdb with name design_1_wrapper_0
TRACE::2023-05-22.10:55:49::SCWPlatform::Opened existing hwdb design_1_wrapper_0
TRACE::2023-05-22.10:55:49::SCWPlatform::Found the Hw Db part of the input DSA
TRACE::2023-05-22.10:55:49::SCWMssOS::Checking the sw design at  C:/Users/mafassi/Desktop/UART_LVDS_Vitis/Microblaze_LVDS/microblaze_0/standalone_microblaze_0/bsp/system.mss
TRACE::2023-05-22.10:55:49::SCWMssOS::DEBUG:  swdes dump  C:/Users/mafassi/Desktop/UART_LVDS_Vitis/Microblaze_LVDS/microblaze_0/standalone_microblaze_0/bsp/system.mss|system||

TRACE::2023-05-22.10:55:49::SCWMssOS::Sw design exists and opened at  C:/Users/mafassi/Desktop/UART_LVDS_Vitis/Microblaze_LVDS/microblaze_0/standalone_microblaze_0/bsp/system.mss
TRACE::2023-05-22.10:55:49::SCWWriter::formatted JSON is {
	"platformName":	"Microblaze_LVDS",
	"sprVersion":	"2.0",
	"mode":	"gui",
	"dsaType":	"Fixed",
	"platformDesc":	"Microblaze_LVDS",
	"platHandOff":	"C:/Users/mafassi/Downloads/carte_blowbox/blowbox/Microblaze5/Microblaze_LVDS.xsa",
	"platIntHandOff":	"<platformDir>/hw/Microblaze_LVDS.xsa",
	"deviceType":	"FPGA",
	"platIsPrebuiltAutogen":	"false",
	"platIsNoBootBsp":	"false",
	"hasFsblMakeHasChanges":	"false",
	"hasPmufwMakeHasChanges":	"false",
	"platPreBuiltFlag":	false,
	"platformSamplesDir":	"",
	"platActiveSys":	"Microblaze_LVDS",
	"systems":	[{
			"systemName":	"Microblaze_LVDS",
			"systemDesc":	"Microblaze_LVDS",
			"sysIsBootAutoGen":	"true",
			"systemDispName":	"Microblaze_LVDS",
			"sysActiveDom":	"standalone_microblaze_0",
			"sysDefaultDom":	"standalone_microblaze_0",
			"domains":	[{
					"domainName":	"standalone_microblaze_0",
					"domainDispName":	"standalone_microblaze_0",
					"domainDesc":	"standalone_microblaze_0",
					"processors":	"microblaze_0",
					"os":	"standalone",
					"sdxOs":	"standalone",
					"debugEnable":	"False",
					"domRuntimes":	["cpp"],
					"swRepo":	"",
					"mssOsVer":	"7.3",
					"mssFile":	"",
					"md5Digest":	"7090ec96ed4e3e3afe4a562cc0a0369a",
					"compatibleApp":	"hello_world",
					"domType":	"mssDomain",
					"arch":	"32-bit",
					"appSettings":	{
						"appCompilerFlags":	"",
						"appLinkerFlags":	""
					},
					"addedLibs":	[],
					"libOptions":	{
						"libsContainingOptions":	[]
					},
					"prebuiltLibs":	{
						"prebuiltIncPath":	[],
						"prebuiltLibPath":	[]
					},
					"isolation":	{
					}
				}]
		}]
}
KEYINFO::2023-05-22.10:55:49::SCWPlatform::updated the xpfm file.
TRACE::2023-05-22.10:55:49::SCWPlatform::Trying to open the hw design at C:/Users/mafassi/Desktop/UART_LVDS_Vitis/Microblaze_LVDS/hw/Microblaze_LVDS.xsa
TRACE::2023-05-22.10:55:49::SCWPlatform::DSA given C:/Users/mafassi/Desktop/UART_LVDS_Vitis/Microblaze_LVDS/hw/Microblaze_LVDS.xsa
TRACE::2023-05-22.10:55:49::SCWPlatform::DSA absoulate path C:/Users/mafassi/Desktop/UART_LVDS_Vitis/Microblaze_LVDS/hw/Microblaze_LVDS.xsa
TRACE::2023-05-22.10:55:49::SCWPlatform::DSA directory C:/Users/mafassi/Desktop/UART_LVDS_Vitis/Microblaze_LVDS/hw
TRACE::2023-05-22.10:55:49::SCWPlatform:: Platform Path C:/Users/mafassi/Desktop/UART_LVDS_Vitis/Microblaze_LVDS/hw/Microblaze_LVDS.xsa
TRACE::2023-05-22.10:55:49::SCWPlatform:: Unique name xilinx:nexys_video::0.0
TRACE::2023-05-22.10:55:49::SCWPlatform::Trying to set the existing hwdb with name design_1_wrapper_0
TRACE::2023-05-22.10:55:49::SCWPlatform::Opened existing hwdb design_1_wrapper_0
TRACE::2023-05-22.10:55:49::SCWPlatform::Found the Hw Db part of the input DSA
TRACE::2023-05-22.10:55:49::SCWMssOS::Checking the sw design at  C:/Users/mafassi/Desktop/UART_LVDS_Vitis/Microblaze_LVDS/microblaze_0/standalone_microblaze_0/bsp/system.mss
TRACE::2023-05-22.10:55:49::SCWMssOS::DEBUG:  swdes dump  C:/Users/mafassi/Desktop/UART_LVDS_Vitis/Microblaze_LVDS/microblaze_0/standalone_microblaze_0/bsp/system.mss|system||

TRACE::2023-05-22.10:55:49::SCWMssOS::Sw design exists and opened at  C:/Users/mafassi/Desktop/UART_LVDS_Vitis/Microblaze_LVDS/microblaze_0/standalone_microblaze_0/bsp/system.mss
TRACE::2023-05-22.10:55:49::SCWMssOS::Saving the mss changes C:/Users/mafassi/Desktop/UART_LVDS_Vitis/Microblaze_LVDS/microblaze_0/standalone_microblaze_0/bsp/system.mss
TRACE::2023-05-22.10:55:49::SCWMssOS::Found a swdesign opened with the mssfile.
TRACE::2023-05-22.10:55:49::SCWMssOS::Completed writemss as part of save.
TRACE::2023-05-22.10:55:49::SCWMssOS::Commit changes completed.
TRACE::2023-05-22.10:55:49::SCWPlatform::Trying to open the hw design at C:/Users/mafassi/Desktop/UART_LVDS_Vitis/Microblaze_LVDS/hw/Microblaze_LVDS.xsa
TRACE::2023-05-22.10:55:49::SCWPlatform::DSA given C:/Users/mafassi/Desktop/UART_LVDS_Vitis/Microblaze_LVDS/hw/Microblaze_LVDS.xsa
TRACE::2023-05-22.10:55:49::SCWPlatform::DSA absoulate path C:/Users/mafassi/Desktop/UART_LVDS_Vitis/Microblaze_LVDS/hw/Microblaze_LVDS.xsa
TRACE::2023-05-22.10:55:49::SCWPlatform::DSA directory C:/Users/mafassi/Desktop/UART_LVDS_Vitis/Microblaze_LVDS/hw
TRACE::2023-05-22.10:55:49::SCWPlatform:: Platform Path C:/Users/mafassi/Desktop/UART_LVDS_Vitis/Microblaze_LVDS/hw/Microblaze_LVDS.xsa
TRACE::2023-05-22.10:55:49::SCWPlatform:: Unique name xilinx:nexys_video::0.0
TRACE::2023-05-22.10:55:49::SCWPlatform::Trying to set the existing hwdb with name design_1_wrapper_0
TRACE::2023-05-22.10:55:49::SCWPlatform::Opened existing hwdb design_1_wrapper_0
TRACE::2023-05-22.10:55:49::SCWPlatform::Found the Hw Db part of the input DSA
TRACE::2023-05-22.10:55:49::SCWMssOS::Checking the sw design at  C:/Users/mafassi/Desktop/UART_LVDS_Vitis/Microblaze_LVDS/microblaze_0/standalone_microblaze_0/bsp/system.mss
TRACE::2023-05-22.10:55:49::SCWMssOS::DEBUG:  swdes dump  C:/Users/mafassi/Desktop/UART_LVDS_Vitis/Microblaze_LVDS/microblaze_0/standalone_microblaze_0/bsp/system.mss|system||

TRACE::2023-05-22.10:55:49::SCWMssOS::Sw design exists and opened at  C:/Users/mafassi/Desktop/UART_LVDS_Vitis/Microblaze_LVDS/microblaze_0/standalone_microblaze_0/bsp/system.mss
TRACE::2023-05-22.10:55:49::SCWPlatform::Trying to open the hw design at C:/Users/mafassi/Desktop/UART_LVDS_Vitis/Microblaze_LVDS/hw/Microblaze_LVDS.xsa
TRACE::2023-05-22.10:55:49::SCWPlatform::DSA given C:/Users/mafassi/Desktop/UART_LVDS_Vitis/Microblaze_LVDS/hw/Microblaze_LVDS.xsa
TRACE::2023-05-22.10:55:49::SCWPlatform::DSA absoulate path C:/Users/mafassi/Desktop/UART_LVDS_Vitis/Microblaze_LVDS/hw/Microblaze_LVDS.xsa
TRACE::2023-05-22.10:55:49::SCWPlatform::DSA directory C:/Users/mafassi/Desktop/UART_LVDS_Vitis/Microblaze_LVDS/hw
TRACE::2023-05-22.10:55:49::SCWPlatform:: Platform Path C:/Users/mafassi/Desktop/UART_LVDS_Vitis/Microblaze_LVDS/hw/Microblaze_LVDS.xsa
TRACE::2023-05-22.10:55:49::SCWPlatform:: Unique name xilinx:nexys_video::0.0
TRACE::2023-05-22.10:55:49::SCWPlatform::Trying to set the existing hwdb with name design_1_wrapper_0
TRACE::2023-05-22.10:55:49::SCWPlatform::Opened existing hwdb design_1_wrapper_0
TRACE::2023-05-22.10:55:49::SCWPlatform::Found the Hw Db part of the input DSA
TRACE::2023-05-22.10:55:49::SCWMssOS::Checking the sw design at  C:/Users/mafassi/Desktop/UART_LVDS_Vitis/Microblaze_LVDS/microblaze_0/standalone_microblaze_0/bsp/system.mss
TRACE::2023-05-22.10:55:49::SCWMssOS::DEBUG:  swdes dump  C:/Users/mafassi/Desktop/UART_LVDS_Vitis/Microblaze_LVDS/microblaze_0/standalone_microblaze_0/bsp/system.mss|system||

TRACE::2023-05-22.10:55:49::SCWMssOS::Sw design exists and opened at  C:/Users/mafassi/Desktop/UART_LVDS_Vitis/Microblaze_LVDS/microblaze_0/standalone_microblaze_0/bsp/system.mss
TRACE::2023-05-22.10:55:49::SCWPlatform::Trying to open the hw design at C:/Users/mafassi/Desktop/UART_LVDS_Vitis/Microblaze_LVDS/hw/Microblaze_LVDS.xsa
TRACE::2023-05-22.10:55:49::SCWPlatform::DSA given C:/Users/mafassi/Desktop/UART_LVDS_Vitis/Microblaze_LVDS/hw/Microblaze_LVDS.xsa
TRACE::2023-05-22.10:55:49::SCWPlatform::DSA absoulate path C:/Users/mafassi/Desktop/UART_LVDS_Vitis/Microblaze_LVDS/hw/Microblaze_LVDS.xsa
TRACE::2023-05-22.10:55:49::SCWPlatform::DSA directory C:/Users/mafassi/Desktop/UART_LVDS_Vitis/Microblaze_LVDS/hw
TRACE::2023-05-22.10:55:49::SCWPlatform:: Platform Path C:/Users/mafassi/Desktop/UART_LVDS_Vitis/Microblaze_LVDS/hw/Microblaze_LVDS.xsa
TRACE::2023-05-22.10:55:49::SCWPlatform:: Unique name xilinx:nexys_video::0.0
TRACE::2023-05-22.10:55:49::SCWPlatform::Trying to set the existing hwdb with name design_1_wrapper_0
TRACE::2023-05-22.10:55:49::SCWPlatform::Opened existing hwdb design_1_wrapper_0
TRACE::2023-05-22.10:55:49::SCWPlatform::Found the Hw Db part of the input DSA
TRACE::2023-05-22.10:55:49::SCWMssOS::Checking the sw design at  C:/Users/mafassi/Desktop/UART_LVDS_Vitis/Microblaze_LVDS/microblaze_0/standalone_microblaze_0/bsp/system.mss
TRACE::2023-05-22.10:55:49::SCWMssOS::DEBUG:  swdes dump  C:/Users/mafassi/Desktop/UART_LVDS_Vitis/Microblaze_LVDS/microblaze_0/standalone_microblaze_0/bsp/system.mss|system||

TRACE::2023-05-22.10:55:49::SCWMssOS::Sw design exists and opened at  C:/Users/mafassi/Desktop/UART_LVDS_Vitis/Microblaze_LVDS/microblaze_0/standalone_microblaze_0/bsp/system.mss
TRACE::2023-05-22.10:55:49::SCWWriter::formatted JSON is {
	"platformName":	"Microblaze_LVDS",
	"sprVersion":	"2.0",
	"mode":	"gui",
	"dsaType":	"Fixed",
	"platformDesc":	"Microblaze_LVDS",
	"platHandOff":	"C:/Users/mafassi/Downloads/carte_blowbox/blowbox/Microblaze5/Microblaze_LVDS.xsa",
	"platIntHandOff":	"<platformDir>/hw/Microblaze_LVDS.xsa",
	"deviceType":	"FPGA",
	"platIsPrebuiltAutogen":	"false",
	"platIsNoBootBsp":	"false",
	"hasFsblMakeHasChanges":	"false",
	"hasPmufwMakeHasChanges":	"false",
	"platPreBuiltFlag":	false,
	"platformSamplesDir":	"",
	"platActiveSys":	"Microblaze_LVDS",
	"systems":	[{
			"systemName":	"Microblaze_LVDS",
			"systemDesc":	"Microblaze_LVDS",
			"sysIsBootAutoGen":	"true",
			"systemDispName":	"Microblaze_LVDS",
			"sysActiveDom":	"standalone_microblaze_0",
			"sysDefaultDom":	"standalone_microblaze_0",
			"domains":	[{
					"domainName":	"standalone_microblaze_0",
					"domainDispName":	"standalone_microblaze_0",
					"domainDesc":	"standalone_microblaze_0",
					"processors":	"microblaze_0",
					"os":	"standalone",
					"sdxOs":	"standalone",
					"debugEnable":	"False",
					"domRuntimes":	["cpp"],
					"swRepo":	"",
					"mssOsVer":	"7.3",
					"mssFile":	"",
					"md5Digest":	"7090ec96ed4e3e3afe4a562cc0a0369a",
					"compatibleApp":	"hello_world",
					"domType":	"mssDomain",
					"arch":	"32-bit",
					"appSettings":	{
						"appCompilerFlags":	"",
						"appLinkerFlags":	""
					},
					"addedLibs":	[],
					"libOptions":	{
						"libsContainingOptions":	[]
					},
					"prebuiltLibs":	{
						"prebuiltIncPath":	[],
						"prebuiltLibPath":	[]
					},
					"isolation":	{
					}
				}]
		}]
}
TRACE::2023-05-22.10:55:49::SCWPlatform::Trying to open the hw design at C:/Users/mafassi/Desktop/UART_LVDS_Vitis/Microblaze_LVDS/hw/Microblaze_LVDS.xsa
TRACE::2023-05-22.10:55:49::SCWPlatform::DSA given C:/Users/mafassi/Desktop/UART_LVDS_Vitis/Microblaze_LVDS/hw/Microblaze_LVDS.xsa
TRACE::2023-05-22.10:55:49::SCWPlatform::DSA absoulate path C:/Users/mafassi/Desktop/UART_LVDS_Vitis/Microblaze_LVDS/hw/Microblaze_LVDS.xsa
TRACE::2023-05-22.10:55:49::SCWPlatform::DSA directory C:/Users/mafassi/Desktop/UART_LVDS_Vitis/Microblaze_LVDS/hw
TRACE::2023-05-22.10:55:49::SCWPlatform:: Platform Path C:/Users/mafassi/Desktop/UART_LVDS_Vitis/Microblaze_LVDS/hw/Microblaze_LVDS.xsa
TRACE::2023-05-22.10:55:49::SCWPlatform:: Unique name xilinx:nexys_video::0.0
TRACE::2023-05-22.10:55:49::SCWPlatform::Trying to set the existing hwdb with name design_1_wrapper_0
TRACE::2023-05-22.10:55:49::SCWPlatform::Opened existing hwdb design_1_wrapper_0
TRACE::2023-05-22.10:55:49::SCWPlatform::Found the Hw Db part of the input DSA
TRACE::2023-05-22.10:55:49::SCWMssOS::Checking the sw design at  C:/Users/mafassi/Desktop/UART_LVDS_Vitis/Microblaze_LVDS/microblaze_0/standalone_microblaze_0/bsp/system.mss
TRACE::2023-05-22.10:55:49::SCWMssOS::DEBUG:  swdes dump  C:/Users/mafassi/Desktop/UART_LVDS_Vitis/Microblaze_LVDS/microblaze_0/standalone_microblaze_0/bsp/system.mss|system||

TRACE::2023-05-22.10:55:49::SCWMssOS::Sw design exists and opened at  C:/Users/mafassi/Desktop/UART_LVDS_Vitis/Microblaze_LVDS/microblaze_0/standalone_microblaze_0/bsp/system.mss
TRACE::2023-05-22.10:55:49::SCWPlatform::Trying to open the hw design at C:/Users/mafassi/Desktop/UART_LVDS_Vitis/Microblaze_LVDS/hw/Microblaze_LVDS.xsa
TRACE::2023-05-22.10:55:49::SCWPlatform::DSA given C:/Users/mafassi/Desktop/UART_LVDS_Vitis/Microblaze_LVDS/hw/Microblaze_LVDS.xsa
TRACE::2023-05-22.10:55:49::SCWPlatform::DSA absoulate path C:/Users/mafassi/Desktop/UART_LVDS_Vitis/Microblaze_LVDS/hw/Microblaze_LVDS.xsa
TRACE::2023-05-22.10:55:49::SCWPlatform::DSA directory C:/Users/mafassi/Desktop/UART_LVDS_Vitis/Microblaze_LVDS/hw
TRACE::2023-05-22.10:55:49::SCWPlatform:: Platform Path C:/Users/mafassi/Desktop/UART_LVDS_Vitis/Microblaze_LVDS/hw/Microblaze_LVDS.xsa
TRACE::2023-05-22.10:55:49::SCWPlatform:: Unique name xilinx:nexys_video::0.0
TRACE::2023-05-22.10:55:49::SCWPlatform::Trying to set the existing hwdb with name design_1_wrapper_0
TRACE::2023-05-22.10:55:49::SCWPlatform::Opened existing hwdb design_1_wrapper_0
TRACE::2023-05-22.10:55:49::SCWPlatform::Found the Hw Db part of the input DSA
TRACE::2023-05-22.10:55:49::SCWMssOS::Checking the sw design at  C:/Users/mafassi/Desktop/UART_LVDS_Vitis/Microblaze_LVDS/microblaze_0/standalone_microblaze_0/bsp/system.mss
TRACE::2023-05-22.10:55:49::SCWMssOS::DEBUG:  swdes dump  C:/Users/mafassi/Desktop/UART_LVDS_Vitis/Microblaze_LVDS/microblaze_0/standalone_microblaze_0/bsp/system.mss|system||

TRACE::2023-05-22.10:55:49::SCWMssOS::Sw design exists and opened at  C:/Users/mafassi/Desktop/UART_LVDS_Vitis/Microblaze_LVDS/microblaze_0/standalone_microblaze_0/bsp/system.mss
TRACE::2023-05-22.10:55:49::SCWMssOS::Saving the mss changes C:/Users/mafassi/Desktop/UART_LVDS_Vitis/Microblaze_LVDS/microblaze_0/standalone_microblaze_0/bsp/system.mss
TRACE::2023-05-22.10:55:49::SCWMssOS::Found a swdesign opened with the mssfile.
TRACE::2023-05-22.10:55:49::SCWMssOS::Completed writemss as part of save.
TRACE::2023-05-22.10:55:49::SCWMssOS::Commit changes completed.
TRACE::2023-05-22.10:55:49::SCWPlatform::Trying to open the hw design at C:/Users/mafassi/Desktop/UART_LVDS_Vitis/Microblaze_LVDS/hw/Microblaze_LVDS.xsa
TRACE::2023-05-22.10:55:49::SCWPlatform::DSA given C:/Users/mafassi/Desktop/UART_LVDS_Vitis/Microblaze_LVDS/hw/Microblaze_LVDS.xsa
TRACE::2023-05-22.10:55:49::SCWPlatform::DSA absoulate path C:/Users/mafassi/Desktop/UART_LVDS_Vitis/Microblaze_LVDS/hw/Microblaze_LVDS.xsa
TRACE::2023-05-22.10:55:49::SCWPlatform::DSA directory C:/Users/mafassi/Desktop/UART_LVDS_Vitis/Microblaze_LVDS/hw
TRACE::2023-05-22.10:55:49::SCWPlatform:: Platform Path C:/Users/mafassi/Desktop/UART_LVDS_Vitis/Microblaze_LVDS/hw/Microblaze_LVDS.xsa
TRACE::2023-05-22.10:55:49::SCWPlatform:: Unique name xilinx:nexys_video::0.0
TRACE::2023-05-22.10:55:49::SCWPlatform::Trying to set the existing hwdb with name design_1_wrapper_0
TRACE::2023-05-22.10:55:49::SCWPlatform::Opened existing hwdb design_1_wrapper_0
TRACE::2023-05-22.10:55:49::SCWPlatform::Found the Hw Db part of the input DSA
TRACE::2023-05-22.10:55:49::SCWMssOS::Checking the sw design at  C:/Users/mafassi/Desktop/UART_LVDS_Vitis/Microblaze_LVDS/microblaze_0/standalone_microblaze_0/bsp/system.mss
TRACE::2023-05-22.10:55:49::SCWMssOS::DEBUG:  swdes dump  C:/Users/mafassi/Desktop/UART_LVDS_Vitis/Microblaze_LVDS/microblaze_0/standalone_microblaze_0/bsp/system.mss|system||

TRACE::2023-05-22.10:55:49::SCWMssOS::Sw design exists and opened at  C:/Users/mafassi/Desktop/UART_LVDS_Vitis/Microblaze_LVDS/microblaze_0/standalone_microblaze_0/bsp/system.mss
TRACE::2023-05-22.10:55:49::SCWPlatform::Trying to open the hw design at C:/Users/mafassi/Desktop/UART_LVDS_Vitis/Microblaze_LVDS/hw/Microblaze_LVDS.xsa
TRACE::2023-05-22.10:55:49::SCWPlatform::DSA given C:/Users/mafassi/Desktop/UART_LVDS_Vitis/Microblaze_LVDS/hw/Microblaze_LVDS.xsa
TRACE::2023-05-22.10:55:49::SCWPlatform::DSA absoulate path C:/Users/mafassi/Desktop/UART_LVDS_Vitis/Microblaze_LVDS/hw/Microblaze_LVDS.xsa
TRACE::2023-05-22.10:55:49::SCWPlatform::DSA directory C:/Users/mafassi/Desktop/UART_LVDS_Vitis/Microblaze_LVDS/hw
TRACE::2023-05-22.10:55:49::SCWPlatform:: Platform Path C:/Users/mafassi/Desktop/UART_LVDS_Vitis/Microblaze_LVDS/hw/Microblaze_LVDS.xsa
TRACE::2023-05-22.10:55:49::SCWPlatform:: Unique name xilinx:nexys_video::0.0
TRACE::2023-05-22.10:55:49::SCWPlatform::Trying to set the existing hwdb with name design_1_wrapper_0
TRACE::2023-05-22.10:55:49::SCWPlatform::Opened existing hwdb design_1_wrapper_0
TRACE::2023-05-22.10:55:49::SCWPlatform::Found the Hw Db part of the input DSA
TRACE::2023-05-22.10:55:49::SCWMssOS::Checking the sw design at  C:/Users/mafassi/Desktop/UART_LVDS_Vitis/Microblaze_LVDS/microblaze_0/standalone_microblaze_0/bsp/system.mss
TRACE::2023-05-22.10:55:49::SCWMssOS::DEBUG:  swdes dump  C:/Users/mafassi/Desktop/UART_LVDS_Vitis/Microblaze_LVDS/microblaze_0/standalone_microblaze_0/bsp/system.mss|system||

TRACE::2023-05-22.10:55:49::SCWMssOS::Sw design exists and opened at  C:/Users/mafassi/Desktop/UART_LVDS_Vitis/Microblaze_LVDS/microblaze_0/standalone_microblaze_0/bsp/system.mss
TRACE::2023-05-22.10:55:49::SCWPlatform::Trying to open the hw design at C:/Users/mafassi/Desktop/UART_LVDS_Vitis/Microblaze_LVDS/hw/Microblaze_LVDS.xsa
TRACE::2023-05-22.10:55:49::SCWPlatform::DSA given C:/Users/mafassi/Desktop/UART_LVDS_Vitis/Microblaze_LVDS/hw/Microblaze_LVDS.xsa
TRACE::2023-05-22.10:55:49::SCWPlatform::DSA absoulate path C:/Users/mafassi/Desktop/UART_LVDS_Vitis/Microblaze_LVDS/hw/Microblaze_LVDS.xsa
TRACE::2023-05-22.10:55:49::SCWPlatform::DSA directory C:/Users/mafassi/Desktop/UART_LVDS_Vitis/Microblaze_LVDS/hw
TRACE::2023-05-22.10:55:49::SCWPlatform:: Platform Path C:/Users/mafassi/Desktop/UART_LVDS_Vitis/Microblaze_LVDS/hw/Microblaze_LVDS.xsa
TRACE::2023-05-22.10:55:49::SCWPlatform:: Unique name xilinx:nexys_video::0.0
TRACE::2023-05-22.10:55:49::SCWPlatform::Trying to set the existing hwdb with name design_1_wrapper_0
TRACE::2023-05-22.10:55:49::SCWPlatform::Opened existing hwdb design_1_wrapper_0
TRACE::2023-05-22.10:55:49::SCWPlatform::Found the Hw Db part of the input DSA
TRACE::2023-05-22.10:55:49::SCWMssOS::Checking the sw design at  C:/Users/mafassi/Desktop/UART_LVDS_Vitis/Microblaze_LVDS/microblaze_0/standalone_microblaze_0/bsp/system.mss
TRACE::2023-05-22.10:55:49::SCWMssOS::DEBUG:  swdes dump  C:/Users/mafassi/Desktop/UART_LVDS_Vitis/Microblaze_LVDS/microblaze_0/standalone_microblaze_0/bsp/system.mss|system||

TRACE::2023-05-22.10:55:49::SCWMssOS::Sw design exists and opened at  C:/Users/mafassi/Desktop/UART_LVDS_Vitis/Microblaze_LVDS/microblaze_0/standalone_microblaze_0/bsp/system.mss
TRACE::2023-05-22.10:55:49::SCWWriter::formatted JSON is {
	"platformName":	"Microblaze_LVDS",
	"sprVersion":	"2.0",
	"mode":	"gui",
	"dsaType":	"Fixed",
	"platformDesc":	"Microblaze_LVDS",
	"platHandOff":	"C:/Users/mafassi/Downloads/carte_blowbox/blowbox/Microblaze5/Microblaze_LVDS.xsa",
	"platIntHandOff":	"<platformDir>/hw/Microblaze_LVDS.xsa",
	"deviceType":	"FPGA",
	"platIsPrebuiltAutogen":	"false",
	"platIsNoBootBsp":	"false",
	"hasFsblMakeHasChanges":	"false",
	"hasPmufwMakeHasChanges":	"false",
	"platPreBuiltFlag":	false,
	"platformSamplesDir":	"",
	"platActiveSys":	"Microblaze_LVDS",
	"systems":	[{
			"systemName":	"Microblaze_LVDS",
			"systemDesc":	"Microblaze_LVDS",
			"sysIsBootAutoGen":	"true",
			"systemDispName":	"Microblaze_LVDS",
			"sysActiveDom":	"standalone_microblaze_0",
			"sysDefaultDom":	"standalone_microblaze_0",
			"domains":	[{
					"domainName":	"standalone_microblaze_0",
					"domainDispName":	"standalone_microblaze_0",
					"domainDesc":	"standalone_microblaze_0",
					"processors":	"microblaze_0",
					"os":	"standalone",
					"sdxOs":	"standalone",
					"debugEnable":	"False",
					"domRuntimes":	["cpp"],
					"swRepo":	"",
					"mssOsVer":	"7.3",
					"mssFile":	"",
					"md5Digest":	"7090ec96ed4e3e3afe4a562cc0a0369a",
					"compatibleApp":	"hello_world",
					"domType":	"mssDomain",
					"arch":	"32-bit",
					"appSettings":	{
						"appCompilerFlags":	"",
						"appLinkerFlags":	""
					},
					"addedLibs":	[],
					"libOptions":	{
						"libsContainingOptions":	[]
					},
					"prebuiltLibs":	{
						"prebuiltIncPath":	[],
						"prebuiltLibPath":	[]
					},
					"isolation":	{
					}
				}]
		}]
}
LOG::2023-05-22.10:55:49::SCWPlatform::Started generating the artifacts platform Microblaze_LVDS
TRACE::2023-05-22.10:55:49::SCWPlatform::Sanity checking of platform is completed
LOG::2023-05-22.10:55:49::SCWPlatform::Started generating the artifacts for system configuration Microblaze_LVDS
LOG::2023-05-22.10:55:49::SCWSystem::Started Processing the domain standalone_microblaze_0
TRACE::2023-05-22.10:55:49::SCWDomain::Generating domain artifcats
TRACE::2023-05-22.10:55:49::SCWMssOS::Generating standalone artifcats
TRACE::2023-05-22.10:55:49::SCWMssOS:: Copying the user libraries. 
TRACE::2023-05-22.10:55:49::SCWPlatform::Trying to open the hw design at C:/Users/mafassi/Desktop/UART_LVDS_Vitis/Microblaze_LVDS/hw/Microblaze_LVDS.xsa
TRACE::2023-05-22.10:55:49::SCWPlatform::DSA given C:/Users/mafassi/Desktop/UART_LVDS_Vitis/Microblaze_LVDS/hw/Microblaze_LVDS.xsa
TRACE::2023-05-22.10:55:49::SCWPlatform::DSA absoulate path C:/Users/mafassi/Desktop/UART_LVDS_Vitis/Microblaze_LVDS/hw/Microblaze_LVDS.xsa
TRACE::2023-05-22.10:55:49::SCWPlatform::DSA directory C:/Users/mafassi/Desktop/UART_LVDS_Vitis/Microblaze_LVDS/hw
TRACE::2023-05-22.10:55:49::SCWPlatform:: Platform Path C:/Users/mafassi/Desktop/UART_LVDS_Vitis/Microblaze_LVDS/hw/Microblaze_LVDS.xsa
TRACE::2023-05-22.10:55:49::SCWPlatform:: Unique name xilinx:nexys_video::0.0
TRACE::2023-05-22.10:55:49::SCWPlatform::Trying to set the existing hwdb with name design_1_wrapper_0
TRACE::2023-05-22.10:55:49::SCWPlatform::Opened existing hwdb design_1_wrapper_0
TRACE::2023-05-22.10:55:49::SCWPlatform::Found the Hw Db part of the input DSA
TRACE::2023-05-22.10:55:49::SCWMssOS::Checking the sw design at  C:/Users/mafassi/Desktop/UART_LVDS_Vitis/Microblaze_LVDS/microblaze_0/standalone_microblaze_0/bsp/system.mss
TRACE::2023-05-22.10:55:49::SCWMssOS::DEBUG:  swdes dump  C:/Users/mafassi/Desktop/UART_LVDS_Vitis/Microblaze_LVDS/microblaze_0/standalone_microblaze_0/bsp/system.mss|system||

TRACE::2023-05-22.10:55:49::SCWMssOS::Sw design exists and opened at  C:/Users/mafassi/Desktop/UART_LVDS_Vitis/Microblaze_LVDS/microblaze_0/standalone_microblaze_0/bsp/system.mss
TRACE::2023-05-22.10:55:49::SCWMssOS::Completed writing the mss file at C:/Users/mafassi/Desktop/UART_LVDS_Vitis/Microblaze_LVDS/microblaze_0/standalone_microblaze_0/bsp
TRACE::2023-05-22.10:55:49::SCWMssOS::Mss edits present, copying mssfile into export location C:/Users/mafassi/Desktop/UART_LVDS_Vitis/Microblaze_LVDS/microblaze_0/standalone_microblaze_0/bsp/system.mss
TRACE::2023-05-22.10:55:49::SCWMssOS::bsp generated is upto date with the mss file. Skipping bsp generation.
TRACE::2023-05-22.10:55:49::SCWMssOS::BSP is already built. skipping the bsp build ... 
TRACE::2023-05-22.10:55:49::SCWDomain::Building the domain as part of full build :  standalone_microblaze_0
TRACE::2023-05-22.10:55:49::SCWMssOS::skipping the bsp build ... 
TRACE::2023-05-22.10:55:49::SCWMssOS::Copying to export directory.
TRACE::2023-05-22.10:55:49::SCWMssOS:: Checking if to create the Supporting Applications
TRACE::2023-05-22.10:55:49::SCWMssOS:: No Linux domain exists, trying to generate FSBL 
LOG::2023-05-22.10:55:49::SCWSystem::Completed Processing the domain standalone_microblaze_0
LOG::2023-05-22.10:55:49::SCWSystem::Completed Processing the sysconfig Microblaze_LVDS
LOG::2023-05-22.10:55:49::SCWPlatform::Completed generating the artifacts for system configuration Microblaze_LVDS
TRACE::2023-05-22.10:55:49::SCWPlatform::Started preparing the platform 
TRACE::2023-05-22.10:55:49::SCWSystem::Writing the bif file for system config Microblaze_LVDS
TRACE::2023-05-22.10:55:49::SCWSystem::dir created 
TRACE::2023-05-22.10:55:49::SCWSystem::Writing the bif 
TRACE::2023-05-22.10:55:49::SCWPlatform::Started writing the spfm file 
TRACE::2023-05-22.10:55:49::SCWPlatform::Started writing the xpfm file 
TRACE::2023-05-22.10:55:49::SCWPlatform::Completed generating the platform
TRACE::2023-05-22.10:55:49::SCWMssOS::Saving the mss changes C:/Users/mafassi/Desktop/UART_LVDS_Vitis/Microblaze_LVDS/microblaze_0/standalone_microblaze_0/bsp/system.mss
TRACE::2023-05-22.10:55:49::SCWMssOS::Found a swdesign opened with the mssfile.
TRACE::2023-05-22.10:55:49::SCWMssOS::Completed writemss as part of save.
TRACE::2023-05-22.10:55:49::SCWMssOS::Commit changes completed.
TRACE::2023-05-22.10:55:49::SCWPlatform::Trying to open the hw design at C:/Users/mafassi/Desktop/UART_LVDS_Vitis/Microblaze_LVDS/hw/Microblaze_LVDS.xsa
TRACE::2023-05-22.10:55:49::SCWPlatform::DSA given C:/Users/mafassi/Desktop/UART_LVDS_Vitis/Microblaze_LVDS/hw/Microblaze_LVDS.xsa
TRACE::2023-05-22.10:55:49::SCWPlatform::DSA absoulate path C:/Users/mafassi/Desktop/UART_LVDS_Vitis/Microblaze_LVDS/hw/Microblaze_LVDS.xsa
TRACE::2023-05-22.10:55:49::SCWPlatform::DSA directory C:/Users/mafassi/Desktop/UART_LVDS_Vitis/Microblaze_LVDS/hw
TRACE::2023-05-22.10:55:49::SCWPlatform:: Platform Path C:/Users/mafassi/Desktop/UART_LVDS_Vitis/Microblaze_LVDS/hw/Microblaze_LVDS.xsa
TRACE::2023-05-22.10:55:49::SCWPlatform:: Unique name xilinx:nexys_video::0.0
TRACE::2023-05-22.10:55:49::SCWPlatform::Trying to set the existing hwdb with name design_1_wrapper_0
TRACE::2023-05-22.10:55:49::SCWPlatform::Opened existing hwdb design_1_wrapper_0
TRACE::2023-05-22.10:55:49::SCWPlatform::Found the Hw Db part of the input DSA
TRACE::2023-05-22.10:55:49::SCWMssOS::Checking the sw design at  C:/Users/mafassi/Desktop/UART_LVDS_Vitis/Microblaze_LVDS/microblaze_0/standalone_microblaze_0/bsp/system.mss
TRACE::2023-05-22.10:55:49::SCWMssOS::DEBUG:  swdes dump  C:/Users/mafassi/Desktop/UART_LVDS_Vitis/Microblaze_LVDS/microblaze_0/standalone_microblaze_0/bsp/system.mss|system||

TRACE::2023-05-22.10:55:49::SCWMssOS::Sw design exists and opened at  C:/Users/mafassi/Desktop/UART_LVDS_Vitis/Microblaze_LVDS/microblaze_0/standalone_microblaze_0/bsp/system.mss
TRACE::2023-05-22.10:55:49::SCWPlatform::Trying to open the hw design at C:/Users/mafassi/Desktop/UART_LVDS_Vitis/Microblaze_LVDS/hw/Microblaze_LVDS.xsa
TRACE::2023-05-22.10:55:49::SCWPlatform::DSA given C:/Users/mafassi/Desktop/UART_LVDS_Vitis/Microblaze_LVDS/hw/Microblaze_LVDS.xsa
TRACE::2023-05-22.10:55:49::SCWPlatform::DSA absoulate path C:/Users/mafassi/Desktop/UART_LVDS_Vitis/Microblaze_LVDS/hw/Microblaze_LVDS.xsa
TRACE::2023-05-22.10:55:49::SCWPlatform::DSA directory C:/Users/mafassi/Desktop/UART_LVDS_Vitis/Microblaze_LVDS/hw
TRACE::2023-05-22.10:55:49::SCWPlatform:: Platform Path C:/Users/mafassi/Desktop/UART_LVDS_Vitis/Microblaze_LVDS/hw/Microblaze_LVDS.xsa
TRACE::2023-05-22.10:55:49::SCWPlatform:: Unique name xilinx:nexys_video::0.0
TRACE::2023-05-22.10:55:49::SCWPlatform::Trying to set the existing hwdb with name design_1_wrapper_0
TRACE::2023-05-22.10:55:49::SCWPlatform::Opened existing hwdb design_1_wrapper_0
TRACE::2023-05-22.10:55:49::SCWPlatform::Found the Hw Db part of the input DSA
TRACE::2023-05-22.10:55:49::SCWMssOS::Checking the sw design at  C:/Users/mafassi/Desktop/UART_LVDS_Vitis/Microblaze_LVDS/microblaze_0/standalone_microblaze_0/bsp/system.mss
TRACE::2023-05-22.10:55:49::SCWMssOS::DEBUG:  swdes dump  C:/Users/mafassi/Desktop/UART_LVDS_Vitis/Microblaze_LVDS/microblaze_0/standalone_microblaze_0/bsp/system.mss|system||

TRACE::2023-05-22.10:55:49::SCWMssOS::Sw design exists and opened at  C:/Users/mafassi/Desktop/UART_LVDS_Vitis/Microblaze_LVDS/microblaze_0/standalone_microblaze_0/bsp/system.mss
TRACE::2023-05-22.10:55:49::SCWPlatform::Trying to open the hw design at C:/Users/mafassi/Desktop/UART_LVDS_Vitis/Microblaze_LVDS/hw/Microblaze_LVDS.xsa
TRACE::2023-05-22.10:55:49::SCWPlatform::DSA given C:/Users/mafassi/Desktop/UART_LVDS_Vitis/Microblaze_LVDS/hw/Microblaze_LVDS.xsa
TRACE::2023-05-22.10:55:49::SCWPlatform::DSA absoulate path C:/Users/mafassi/Desktop/UART_LVDS_Vitis/Microblaze_LVDS/hw/Microblaze_LVDS.xsa
TRACE::2023-05-22.10:55:49::SCWPlatform::DSA directory C:/Users/mafassi/Desktop/UART_LVDS_Vitis/Microblaze_LVDS/hw
TRACE::2023-05-22.10:55:49::SCWPlatform:: Platform Path C:/Users/mafassi/Desktop/UART_LVDS_Vitis/Microblaze_LVDS/hw/Microblaze_LVDS.xsa
TRACE::2023-05-22.10:55:49::SCWPlatform:: Unique name xilinx:nexys_video::0.0
TRACE::2023-05-22.10:55:49::SCWPlatform::Trying to set the existing hwdb with name design_1_wrapper_0
TRACE::2023-05-22.10:55:49::SCWPlatform::Opened existing hwdb design_1_wrapper_0
TRACE::2023-05-22.10:55:49::SCWPlatform::Found the Hw Db part of the input DSA
TRACE::2023-05-22.10:55:49::SCWMssOS::Checking the sw design at  C:/Users/mafassi/Desktop/UART_LVDS_Vitis/Microblaze_LVDS/microblaze_0/standalone_microblaze_0/bsp/system.mss
TRACE::2023-05-22.10:55:49::SCWMssOS::DEBUG:  swdes dump  C:/Users/mafassi/Desktop/UART_LVDS_Vitis/Microblaze_LVDS/microblaze_0/standalone_microblaze_0/bsp/system.mss|system||

TRACE::2023-05-22.10:55:49::SCWMssOS::Sw design exists and opened at  C:/Users/mafassi/Desktop/UART_LVDS_Vitis/Microblaze_LVDS/microblaze_0/standalone_microblaze_0/bsp/system.mss
TRACE::2023-05-22.10:55:49::SCWWriter::formatted JSON is {
	"platformName":	"Microblaze_LVDS",
	"sprVersion":	"2.0",
	"mode":	"gui",
	"dsaType":	"Fixed",
	"platformDesc":	"Microblaze_LVDS",
	"platHandOff":	"C:/Users/mafassi/Downloads/carte_blowbox/blowbox/Microblaze5/Microblaze_LVDS.xsa",
	"platIntHandOff":	"<platformDir>/hw/Microblaze_LVDS.xsa",
	"deviceType":	"FPGA",
	"platIsPrebuiltAutogen":	"false",
	"platIsNoBootBsp":	"false",
	"hasFsblMakeHasChanges":	"false",
	"hasPmufwMakeHasChanges":	"false",
	"platPreBuiltFlag":	false,
	"platformSamplesDir":	"",
	"platActiveSys":	"Microblaze_LVDS",
	"systems":	[{
			"systemName":	"Microblaze_LVDS",
			"systemDesc":	"Microblaze_LVDS",
			"sysIsBootAutoGen":	"true",
			"systemDispName":	"Microblaze_LVDS",
			"sysActiveDom":	"standalone_microblaze_0",
			"sysDefaultDom":	"standalone_microblaze_0",
			"domains":	[{
					"domainName":	"standalone_microblaze_0",
					"domainDispName":	"standalone_microblaze_0",
					"domainDesc":	"standalone_microblaze_0",
					"processors":	"microblaze_0",
					"os":	"standalone",
					"sdxOs":	"standalone",
					"debugEnable":	"False",
					"domRuntimes":	["cpp"],
					"swRepo":	"",
					"mssOsVer":	"7.3",
					"mssFile":	"",
					"md5Digest":	"7090ec96ed4e3e3afe4a562cc0a0369a",
					"compatibleApp":	"hello_world",
					"domType":	"mssDomain",
					"arch":	"32-bit",
					"appSettings":	{
						"appCompilerFlags":	"",
						"appLinkerFlags":	""
					},
					"addedLibs":	[],
					"libOptions":	{
						"libsContainingOptions":	[]
					},
					"prebuiltLibs":	{
						"prebuiltIncPath":	[],
						"prebuiltLibPath":	[]
					},
					"isolation":	{
					}
				}]
		}]
}
KEYINFO::2023-05-22.10:55:49::SCWPlatform::updated the xpfm file.
