TRACE::2023-05-26.11:01:49::SCWPlatform::Trying to open the hw design at C:/Users/mafassi/Desktop/UART_LVDS_Vitis2/design_1_wrapper_V1/hw/design_1_wrapper_V1.xsa
TRACE::2023-05-26.11:01:49::SCWPlatform::DSA given C:/Users/mafassi/Desktop/UART_LVDS_Vitis2/design_1_wrapper_V1/hw/design_1_wrapper_V1.xsa
TRACE::2023-05-26.11:01:49::SCWPlatform::DSA absoulate path C:/Users/mafassi/Desktop/UART_LVDS_Vitis2/design_1_wrapper_V1/hw/design_1_wrapper_V1.xsa
TRACE::2023-05-26.11:01:49::SCWPlatform::DSA directory C:/Users/mafassi/Desktop/UART_LVDS_Vitis2/design_1_wrapper_V1/hw
TRACE::2023-05-26.11:01:49::SCWPlatform:: Platform Path C:/Users/mafassi/Desktop/UART_LVDS_Vitis2/design_1_wrapper_V1/hw/design_1_wrapper_V1.xsa
TRACE::2023-05-26.11:01:49::SCWPlatform:: Unique name xilinx:nexys_video::0.0
TRACE::2023-05-26.11:01:49::SCWPlatform::Do not have an existing db opened. 
TRACE::2023-05-26.11:01:50::SCWPlatform::Opened new HwDB with name design_1_wrapper_10
TRACE::2023-05-26.11:01:50::SCWWriter::formatted JSON is {
	"platformName":	"design_1_wrapper_V1",
	"sprVersion":	"2.0",
	"mode":	"gui",
	"dsaType":	"Fixed",
	"platformDesc":	"design_1_wrapper_V1",
	"platHandOff":	"C:/Users/mafassi/Downloads/carte_blowbox/blowbox/Microblaze5/design_1_wrapper_V1.xsa",
	"platIntHandOff":	"<platformDir>/hw/design_1_wrapper_V1.xsa",
	"deviceType":	"FPGA",
	"platIsPrebuiltAutogen":	"false",
	"platIsNoBootBsp":	"false",
	"hasFsblMakeHasChanges":	"false",
	"hasPmufwMakeHasChanges":	"false",
	"platPreBuiltFlag":	false,
	"platformSamplesDir":	""
}
TRACE::2023-05-26.11:01:50::SCWWriter::formatted JSON is {
	"platformName":	"design_1_wrapper_V1",
	"sprVersion":	"2.0",
	"mode":	"gui",
	"dsaType":	"Fixed",
	"platformDesc":	"design_1_wrapper_V1",
	"platHandOff":	"C:/Users/mafassi/Downloads/carte_blowbox/blowbox/Microblaze5/design_1_wrapper_V1.xsa",
	"platIntHandOff":	"<platformDir>/hw/design_1_wrapper_V1.xsa",
	"deviceType":	"FPGA",
	"platIsPrebuiltAutogen":	"false",
	"platIsNoBootBsp":	"false",
	"hasFsblMakeHasChanges":	"false",
	"hasPmufwMakeHasChanges":	"false",
	"platPreBuiltFlag":	false,
	"platformSamplesDir":	"",
	"platActiveSys":	"design_1_wrapper_V1",
	"systems":	[{
			"systemName":	"design_1_wrapper_V1",
			"systemDesc":	"design_1_wrapper_V1",
			"sysIsBootAutoGen":	"true",
			"systemDispName":	"design_1_wrapper_V1"
		}]
}
TRACE::2023-05-26.11:01:50::SCWPlatform::Boot application domains not present, creating them
TRACE::2023-05-26.11:01:50::SCWPlatform::Pure FPGA device, no boot application will be created.
TRACE::2023-05-26.11:01:50::SCWWriter::formatted JSON is {
	"platformName":	"design_1_wrapper_V1",
	"sprVersion":	"2.0",
	"mode":	"gui",
	"dsaType":	"Fixed",
	"platformDesc":	"design_1_wrapper_V1",
	"platHandOff":	"C:/Users/mafassi/Downloads/carte_blowbox/blowbox/Microblaze5/design_1_wrapper_V1.xsa",
	"platIntHandOff":	"<platformDir>/hw/design_1_wrapper_V1.xsa",
	"deviceType":	"FPGA",
	"platIsPrebuiltAutogen":	"false",
	"platIsNoBootBsp":	"false",
	"hasFsblMakeHasChanges":	"false",
	"hasPmufwMakeHasChanges":	"false",
	"platPreBuiltFlag":	false,
	"platformSamplesDir":	"",
	"platActiveSys":	"design_1_wrapper_V1",
	"systems":	[{
			"systemName":	"design_1_wrapper_V1",
			"systemDesc":	"design_1_wrapper_V1",
			"sysIsBootAutoGen":	"true",
			"systemDispName":	"design_1_wrapper_V1"
		}]
}
TRACE::2023-05-26.11:01:50::SCWWriter::formatted JSON is {
	"platformName":	"design_1_wrapper_V1",
	"sprVersion":	"2.0",
	"mode":	"gui",
	"dsaType":	"Fixed",
	"platformDesc":	"design_1_wrapper_V1",
	"platHandOff":	"C:/Users/mafassi/Downloads/carte_blowbox/blowbox/Microblaze5/design_1_wrapper_V1.xsa",
	"platIntHandOff":	"<platformDir>/hw/design_1_wrapper_V1.xsa",
	"deviceType":	"FPGA",
	"platIsPrebuiltAutogen":	"false",
	"platIsNoBootBsp":	"false",
	"hasFsblMakeHasChanges":	"false",
	"hasPmufwMakeHasChanges":	"false",
	"platPreBuiltFlag":	false,
	"platformSamplesDir":	"",
	"platActiveSys":	"design_1_wrapper_V1",
	"systems":	[{
			"systemName":	"design_1_wrapper_V1",
			"systemDesc":	"design_1_wrapper_V1",
			"sysIsBootAutoGen":	"true",
			"systemDispName":	"design_1_wrapper_V1"
		}]
}
TRACE::2023-05-26.11:01:50::SCWPlatform::Trying to open the hw design at C:/Users/mafassi/Desktop/UART_LVDS_Vitis2/design_1_wrapper_V1/hw/design_1_wrapper_V1.xsa
TRACE::2023-05-26.11:01:50::SCWPlatform::DSA given C:/Users/mafassi/Desktop/UART_LVDS_Vitis2/design_1_wrapper_V1/hw/design_1_wrapper_V1.xsa
TRACE::2023-05-26.11:01:50::SCWPlatform::DSA absoulate path C:/Users/mafassi/Desktop/UART_LVDS_Vitis2/design_1_wrapper_V1/hw/design_1_wrapper_V1.xsa
TRACE::2023-05-26.11:01:50::SCWPlatform::DSA directory C:/Users/mafassi/Desktop/UART_LVDS_Vitis2/design_1_wrapper_V1/hw
TRACE::2023-05-26.11:01:50::SCWPlatform:: Platform Path C:/Users/mafassi/Desktop/UART_LVDS_Vitis2/design_1_wrapper_V1/hw/design_1_wrapper_V1.xsa
TRACE::2023-05-26.11:01:50::SCWPlatform:: Unique name xilinx:nexys_video::0.0
TRACE::2023-05-26.11:01:50::SCWPlatform::Trying to set the existing hwdb with name design_1_wrapper_10
TRACE::2023-05-26.11:01:50::SCWPlatform::Opened existing hwdb design_1_wrapper_10
TRACE::2023-05-26.11:01:50::SCWPlatform::Found the Hw Db part of the input DSA
TRACE::2023-05-26.11:01:50::SCWDomain::checking for install qemu data   : 
TRACE::2023-05-26.11:01:50::SCWPlatform::Trying to open the hw design at C:/Users/mafassi/Desktop/UART_LVDS_Vitis2/design_1_wrapper_V1/hw/design_1_wrapper_V1.xsa
TRACE::2023-05-26.11:01:50::SCWPlatform::DSA given C:/Users/mafassi/Desktop/UART_LVDS_Vitis2/design_1_wrapper_V1/hw/design_1_wrapper_V1.xsa
TRACE::2023-05-26.11:01:50::SCWPlatform::DSA absoulate path C:/Users/mafassi/Desktop/UART_LVDS_Vitis2/design_1_wrapper_V1/hw/design_1_wrapper_V1.xsa
TRACE::2023-05-26.11:01:50::SCWPlatform::DSA directory C:/Users/mafassi/Desktop/UART_LVDS_Vitis2/design_1_wrapper_V1/hw
TRACE::2023-05-26.11:01:50::SCWPlatform:: Platform Path C:/Users/mafassi/Desktop/UART_LVDS_Vitis2/design_1_wrapper_V1/hw/design_1_wrapper_V1.xsa
TRACE::2023-05-26.11:01:50::SCWPlatform:: Unique name xilinx:nexys_video::0.0
TRACE::2023-05-26.11:01:50::SCWPlatform::Trying to set the existing hwdb with name design_1_wrapper_10
TRACE::2023-05-26.11:01:50::SCWPlatform::Opened existing hwdb design_1_wrapper_10
TRACE::2023-05-26.11:01:50::SCWPlatform::Found the Hw Db part of the input DSA
TRACE::2023-05-26.11:01:50::SCWPlatform::Trying to open the hw design at C:/Users/mafassi/Desktop/UART_LVDS_Vitis2/design_1_wrapper_V1/hw/design_1_wrapper_V1.xsa
TRACE::2023-05-26.11:01:50::SCWPlatform::DSA given C:/Users/mafassi/Desktop/UART_LVDS_Vitis2/design_1_wrapper_V1/hw/design_1_wrapper_V1.xsa
TRACE::2023-05-26.11:01:50::SCWPlatform::DSA absoulate path C:/Users/mafassi/Desktop/UART_LVDS_Vitis2/design_1_wrapper_V1/hw/design_1_wrapper_V1.xsa
TRACE::2023-05-26.11:01:50::SCWPlatform::DSA directory C:/Users/mafassi/Desktop/UART_LVDS_Vitis2/design_1_wrapper_V1/hw
TRACE::2023-05-26.11:01:50::SCWPlatform:: Platform Path C:/Users/mafassi/Desktop/UART_LVDS_Vitis2/design_1_wrapper_V1/hw/design_1_wrapper_V1.xsa
TRACE::2023-05-26.11:01:50::SCWPlatform:: Unique name xilinx:nexys_video::0.0
TRACE::2023-05-26.11:01:50::SCWPlatform::Trying to set the existing hwdb with name design_1_wrapper_10
TRACE::2023-05-26.11:01:50::SCWPlatform::Opened existing hwdb design_1_wrapper_10
TRACE::2023-05-26.11:01:50::SCWPlatform::Found the Hw Db part of the input DSA
TRACE::2023-05-26.11:01:50::SCWPlatform::Trying to open the hw design at C:/Users/mafassi/Desktop/UART_LVDS_Vitis2/design_1_wrapper_V1/hw/design_1_wrapper_V1.xsa
TRACE::2023-05-26.11:01:50::SCWPlatform::DSA given C:/Users/mafassi/Desktop/UART_LVDS_Vitis2/design_1_wrapper_V1/hw/design_1_wrapper_V1.xsa
TRACE::2023-05-26.11:01:50::SCWPlatform::DSA absoulate path C:/Users/mafassi/Desktop/UART_LVDS_Vitis2/design_1_wrapper_V1/hw/design_1_wrapper_V1.xsa
TRACE::2023-05-26.11:01:50::SCWPlatform::DSA directory C:/Users/mafassi/Desktop/UART_LVDS_Vitis2/design_1_wrapper_V1/hw
TRACE::2023-05-26.11:01:50::SCWPlatform:: Platform Path C:/Users/mafassi/Desktop/UART_LVDS_Vitis2/design_1_wrapper_V1/hw/design_1_wrapper_V1.xsa
TRACE::2023-05-26.11:01:50::SCWPlatform:: Unique name xilinx:nexys_video::0.0
TRACE::2023-05-26.11:01:50::SCWPlatform::Trying to set the existing hwdb with name design_1_wrapper_10
TRACE::2023-05-26.11:01:50::SCWPlatform::Opened existing hwdb design_1_wrapper_10
TRACE::2023-05-26.11:01:50::SCWPlatform::Found the Hw Db part of the input DSA
TRACE::2023-05-26.11:01:50::SCWMssOS::Checking the sw design at  C:/Users/mafassi/Desktop/UART_LVDS_Vitis2/design_1_wrapper_V1/microblaze_0/standalone_microblaze_0/bsp/system.mss
TRACE::2023-05-26.11:01:50::SCWMssOS::DEBUG:  swdes dump  C:/Users/mafassi/Desktop/UART_LVDS_Vitis2/LVDS_UART_PLATFORM/microblaze_0/standalone_domain/bsp/system.mss|system_0||
C:/Users/mafassi/Desktop/UART_LVDS_Vitis2/Microblaze_LVDS/microblaze_0/standalone_microblaze_0/bsp/system.mss|system||

TRACE::2023-05-26.11:01:50::SCWMssOS::No sw design opened at  C:/Users/mafassi/Desktop/UART_LVDS_Vitis2/design_1_wrapper_V1/microblaze_0/standalone_microblaze_0/bsp/system.mss
TRACE::2023-05-26.11:01:50::SCWMssOS::mss does not exists at C:/Users/mafassi/Desktop/UART_LVDS_Vitis2/design_1_wrapper_V1/microblaze_0/standalone_microblaze_0/bsp/system.mss
TRACE::2023-05-26.11:01:50::SCWMssOS::Creating sw design at  C:/Users/mafassi/Desktop/UART_LVDS_Vitis2/design_1_wrapper_V1/microblaze_0/standalone_microblaze_0/bsp/system.mss
TRACE::2023-05-26.11:01:50::SCWMssOS::Adding the swdes entry, created swdb C:/Users/mafassi/Desktop/UART_LVDS_Vitis2/design_1_wrapper_V1/microblaze_0/standalone_microblaze_0/bsp/system.mss with des name C:/Users/mafassi/Desktop/UART_LVDS_Vitis2/design_1_wrapper_V1/microblaze_0/standalone_microblaze_0/bsp/system.mss
TRACE::2023-05-26.11:01:50::SCWMssOS::updating the scw layer changes to swdes at   C:/Users/mafassi/Desktop/UART_LVDS_Vitis2/design_1_wrapper_V1/microblaze_0/standalone_microblaze_0/bsp/system.mss
TRACE::2023-05-26.11:01:50::SCWMssOS::Writing mss at C:/Users/mafassi/Desktop/UART_LVDS_Vitis2/design_1_wrapper_V1/microblaze_0/standalone_microblaze_0/bsp/system.mss
TRACE::2023-05-26.11:01:50::SCWMssOS::Completed writing the mss file at C:/Users/mafassi/Desktop/UART_LVDS_Vitis2/design_1_wrapper_V1/microblaze_0/standalone_microblaze_0/bsp
TRACE::2023-05-26.11:01:50::SCWMssOS::Picking up changes from newly written mss file into SCW Layer. 
TRACE::2023-05-26.11:01:50::SCWMssOS::Updated the changes from newly written mss file into SCW Layer. 
TRACE::2023-05-26.11:01:50::SCWMssOS::Completed writing the mss file at C:/Users/mafassi/Desktop/UART_LVDS_Vitis2/design_1_wrapper_V1/microblaze_0/standalone_microblaze_0/bsp
TRACE::2023-05-26.11:01:50::SCWMssOS::Forcing BSP Sources regeneration.
TRACE::2023-05-26.11:01:56::SCWMssOS::Saving the mss changes C:/Users/mafassi/Desktop/UART_LVDS_Vitis2/design_1_wrapper_V1/microblaze_0/standalone_microblaze_0/bsp/system.mss
TRACE::2023-05-26.11:01:56::SCWMssOS::Found a swdesign opened with the mssfile.
TRACE::2023-05-26.11:01:56::SCWMssOS::Running validate of swdbs.
KEYINFO::2023-05-26.11:01:56::SCWMssOS::Could not open the swdb for C:/Users/mafassi/Desktop/UART_LVDS_Vitis2/design_1_wrapper_V1/microblaze_0/standalone_microblaze_0/bsp/system.mss
KEYINFO::2023-05-26.11:01:56::SCWMssOS::Could not open the sw design at  C:/Users/mafassi/Desktop/UART_LVDS_Vitis2/design_1_wrapper_V1/microblaze_0/standalone_microblaze_0/bsp/system.mss
ERROR: [Hsi 55-1558] Software Design C:/Users/mafassi/Desktop/UART_LVDS_Vitis2/design_1_wrapper_V1/microblaze_0/standalone_microblaze_0/bsp/system.mss is not found

TRACE::2023-05-26.11:01:56::SCWMssOS::Cleared the swdb table entry
TRACE::2023-05-26.11:01:56::SCWMssOS::Adding the swdes entry, mss present, able to open swdb C:/Users/mafassi/Desktop/UART_LVDS_Vitis2/design_1_wrapper_V1/microblaze_0/standalone_microblaze_0/bsp/system.mss with des name system_1
TRACE::2023-05-26.11:01:56::SCWMssOS::Writing the mss file completed C:/Users/mafassi/Desktop/UART_LVDS_Vitis2/design_1_wrapper_V1/microblaze_0/standalone_microblaze_0/bsp/system.mss
TRACE::2023-05-26.11:01:56::SCWMssOS::Commit changes completed.
TRACE::2023-05-26.11:01:56::SCWPlatform::Trying to open the hw design at C:/Users/mafassi/Desktop/UART_LVDS_Vitis2/design_1_wrapper_V1/hw/design_1_wrapper_V1.xsa
TRACE::2023-05-26.11:01:56::SCWPlatform::DSA given C:/Users/mafassi/Desktop/UART_LVDS_Vitis2/design_1_wrapper_V1/hw/design_1_wrapper_V1.xsa
TRACE::2023-05-26.11:01:56::SCWPlatform::DSA absoulate path C:/Users/mafassi/Desktop/UART_LVDS_Vitis2/design_1_wrapper_V1/hw/design_1_wrapper_V1.xsa
TRACE::2023-05-26.11:01:56::SCWPlatform::DSA directory C:/Users/mafassi/Desktop/UART_LVDS_Vitis2/design_1_wrapper_V1/hw
TRACE::2023-05-26.11:01:56::SCWPlatform:: Platform Path C:/Users/mafassi/Desktop/UART_LVDS_Vitis2/design_1_wrapper_V1/hw/design_1_wrapper_V1.xsa
TRACE::2023-05-26.11:01:56::SCWPlatform:: Unique name xilinx:nexys_video::0.0
TRACE::2023-05-26.11:01:56::SCWPlatform::Trying to set the existing hwdb with name design_1_wrapper_10
TRACE::2023-05-26.11:01:56::SCWPlatform::Opened existing hwdb design_1_wrapper_10
TRACE::2023-05-26.11:01:56::SCWPlatform::Found the Hw Db part of the input DSA
TRACE::2023-05-26.11:01:56::SCWMssOS::Checking the sw design at  C:/Users/mafassi/Desktop/UART_LVDS_Vitis2/design_1_wrapper_V1/microblaze_0/standalone_microblaze_0/bsp/system.mss
TRACE::2023-05-26.11:01:56::SCWMssOS::DEBUG:  swdes dump  C:/Users/mafassi/Desktop/UART_LVDS_Vitis2/LVDS_UART_PLATFORM/microblaze_0/standalone_domain/bsp/system.mss|system_0||
C:/Users/mafassi/Desktop/UART_LVDS_Vitis2/Microblaze_LVDS/microblaze_0/standalone_microblaze_0/bsp/system.mss|system||
C:/Users/mafassi/Desktop/UART_LVDS_Vitis2/design_1_wrapper_V1/microblaze_0/standalone_microblaze_0/bsp/system.mss|system_1||

TRACE::2023-05-26.11:01:56::SCWMssOS::Sw design exists and opened at  C:/Users/mafassi/Desktop/UART_LVDS_Vitis2/design_1_wrapper_V1/microblaze_0/standalone_microblaze_0/bsp/system.mss
TRACE::2023-05-26.11:01:56::SCWPlatform::Trying to open the hw design at C:/Users/mafassi/Desktop/UART_LVDS_Vitis2/design_1_wrapper_V1/hw/design_1_wrapper_V1.xsa
TRACE::2023-05-26.11:01:56::SCWPlatform::DSA given C:/Users/mafassi/Desktop/UART_LVDS_Vitis2/design_1_wrapper_V1/hw/design_1_wrapper_V1.xsa
TRACE::2023-05-26.11:01:56::SCWPlatform::DSA absoulate path C:/Users/mafassi/Desktop/UART_LVDS_Vitis2/design_1_wrapper_V1/hw/design_1_wrapper_V1.xsa
TRACE::2023-05-26.11:01:56::SCWPlatform::DSA directory C:/Users/mafassi/Desktop/UART_LVDS_Vitis2/design_1_wrapper_V1/hw
TRACE::2023-05-26.11:01:56::SCWPlatform:: Platform Path C:/Users/mafassi/Desktop/UART_LVDS_Vitis2/design_1_wrapper_V1/hw/design_1_wrapper_V1.xsa
TRACE::2023-05-26.11:01:56::SCWPlatform:: Unique name xilinx:nexys_video::0.0
TRACE::2023-05-26.11:01:56::SCWPlatform::Trying to set the existing hwdb with name design_1_wrapper_10
TRACE::2023-05-26.11:01:56::SCWPlatform::Opened existing hwdb design_1_wrapper_10
TRACE::2023-05-26.11:01:56::SCWPlatform::Found the Hw Db part of the input DSA
TRACE::2023-05-26.11:01:56::SCWMssOS::Checking the sw design at  C:/Users/mafassi/Desktop/UART_LVDS_Vitis2/design_1_wrapper_V1/microblaze_0/standalone_microblaze_0/bsp/system.mss
TRACE::2023-05-26.11:01:56::SCWMssOS::DEBUG:  swdes dump  C:/Users/mafassi/Desktop/UART_LVDS_Vitis2/LVDS_UART_PLATFORM/microblaze_0/standalone_domain/bsp/system.mss|system_0||
C:/Users/mafassi/Desktop/UART_LVDS_Vitis2/Microblaze_LVDS/microblaze_0/standalone_microblaze_0/bsp/system.mss|system||
C:/Users/mafassi/Desktop/UART_LVDS_Vitis2/design_1_wrapper_V1/microblaze_0/standalone_microblaze_0/bsp/system.mss|system_1||

TRACE::2023-05-26.11:01:56::SCWMssOS::Sw design exists and opened at  C:/Users/mafassi/Desktop/UART_LVDS_Vitis2/design_1_wrapper_V1/microblaze_0/standalone_microblaze_0/bsp/system.mss
TRACE::2023-05-26.11:01:56::SCWPlatform::Trying to open the hw design at C:/Users/mafassi/Desktop/UART_LVDS_Vitis2/design_1_wrapper_V1/hw/design_1_wrapper_V1.xsa
TRACE::2023-05-26.11:01:56::SCWPlatform::DSA given C:/Users/mafassi/Desktop/UART_LVDS_Vitis2/design_1_wrapper_V1/hw/design_1_wrapper_V1.xsa
TRACE::2023-05-26.11:01:56::SCWPlatform::DSA absoulate path C:/Users/mafassi/Desktop/UART_LVDS_Vitis2/design_1_wrapper_V1/hw/design_1_wrapper_V1.xsa
TRACE::2023-05-26.11:01:56::SCWPlatform::DSA directory C:/Users/mafassi/Desktop/UART_LVDS_Vitis2/design_1_wrapper_V1/hw
TRACE::2023-05-26.11:01:56::SCWPlatform:: Platform Path C:/Users/mafassi/Desktop/UART_LVDS_Vitis2/design_1_wrapper_V1/hw/design_1_wrapper_V1.xsa
TRACE::2023-05-26.11:01:56::SCWPlatform:: Unique name xilinx:nexys_video::0.0
TRACE::2023-05-26.11:01:56::SCWPlatform::Trying to set the existing hwdb with name design_1_wrapper_10
TRACE::2023-05-26.11:01:56::SCWPlatform::Opened existing hwdb design_1_wrapper_10
TRACE::2023-05-26.11:01:56::SCWPlatform::Found the Hw Db part of the input DSA
TRACE::2023-05-26.11:01:56::SCWMssOS::Checking the sw design at  C:/Users/mafassi/Desktop/UART_LVDS_Vitis2/design_1_wrapper_V1/microblaze_0/standalone_microblaze_0/bsp/system.mss
TRACE::2023-05-26.11:01:56::SCWMssOS::DEBUG:  swdes dump  C:/Users/mafassi/Desktop/UART_LVDS_Vitis2/LVDS_UART_PLATFORM/microblaze_0/standalone_domain/bsp/system.mss|system_0||
C:/Users/mafassi/Desktop/UART_LVDS_Vitis2/Microblaze_LVDS/microblaze_0/standalone_microblaze_0/bsp/system.mss|system||
C:/Users/mafassi/Desktop/UART_LVDS_Vitis2/design_1_wrapper_V1/microblaze_0/standalone_microblaze_0/bsp/system.mss|system_1||

TRACE::2023-05-26.11:01:56::SCWMssOS::Sw design exists and opened at  C:/Users/mafassi/Desktop/UART_LVDS_Vitis2/design_1_wrapper_V1/microblaze_0/standalone_microblaze_0/bsp/system.mss
TRACE::2023-05-26.11:01:56::SCWWriter::formatted JSON is {
	"platformName":	"design_1_wrapper_V1",
	"sprVersion":	"2.0",
	"mode":	"gui",
	"dsaType":	"Fixed",
	"platformDesc":	"design_1_wrapper_V1",
	"platHandOff":	"C:/Users/mafassi/Downloads/carte_blowbox/blowbox/Microblaze5/design_1_wrapper_V1.xsa",
	"platIntHandOff":	"<platformDir>/hw/design_1_wrapper_V1.xsa",
	"deviceType":	"FPGA",
	"platIsPrebuiltAutogen":	"false",
	"platIsNoBootBsp":	"false",
	"hasFsblMakeHasChanges":	"false",
	"hasPmufwMakeHasChanges":	"false",
	"platPreBuiltFlag":	false,
	"platformSamplesDir":	"",
	"platActiveSys":	"design_1_wrapper_V1",
	"systems":	[{
			"systemName":	"design_1_wrapper_V1",
			"systemDesc":	"design_1_wrapper_V1",
			"sysIsBootAutoGen":	"true",
			"systemDispName":	"design_1_wrapper_V1",
			"sysActiveDom":	"standalone_microblaze_0",
			"sysDefaultDom":	"standalone_microblaze_0",
			"domains":	[{
					"domainName":	"standalone_microblaze_0",
					"domainDispName":	"standalone_microblaze_0",
					"domainDesc":	"standalone_microblaze_0",
					"processors":	"microblaze_0",
					"os":	"standalone",
					"sdxOs":	"standalone",
					"debugEnable":	"False",
					"domRuntimes":	["cpp"],
					"swRepo":	"",
					"mssOsVer":	"7.3",
					"mssFile":	"",
					"md5Digest":	"7090ec96ed4e3e3afe4a562cc0a0369a",
					"compatibleApp":	"srec_spi_bootloader",
					"domType":	"mssDomain",
					"arch":	"32-bit",
					"appSettings":	{
						"appCompilerFlags":	"",
						"appLinkerFlags":	""
					},
					"addedLibs":	[],
					"libOptions":	{
						"libsContainingOptions":	[]
					},
					"prebuiltLibs":	{
						"prebuiltIncPath":	[],
						"prebuiltLibPath":	[]
					},
					"isolation":	{
					}
				}]
		}]
}
LOG::2023-05-26.11:01:56::SCWPlatform::Started generating the artifacts platform design_1_wrapper_V1
TRACE::2023-05-26.11:01:56::SCWPlatform::Sanity checking of platform is completed
LOG::2023-05-26.11:01:56::SCWPlatform::Started generating the artifacts for system configuration design_1_wrapper_V1
LOG::2023-05-26.11:01:56::SCWSystem::Checking the domain standalone_microblaze_0
LOG::2023-05-26.11:01:56::SCWSystem::Not a boot domain 
LOG::2023-05-26.11:01:56::SCWSystem::Started Processing the domain standalone_microblaze_0
TRACE::2023-05-26.11:01:56::SCWDomain::Generating domain artifcats
TRACE::2023-05-26.11:01:56::SCWMssOS::Generating standalone artifcats
TRACE::2023-05-26.11:01:56::SCWMssOS:: Copying the user libraries. 
TRACE::2023-05-26.11:01:56::SCWPlatform::Trying to open the hw design at C:/Users/mafassi/Desktop/UART_LVDS_Vitis2/design_1_wrapper_V1/hw/design_1_wrapper_V1.xsa
TRACE::2023-05-26.11:01:56::SCWPlatform::DSA given C:/Users/mafassi/Desktop/UART_LVDS_Vitis2/design_1_wrapper_V1/hw/design_1_wrapper_V1.xsa
TRACE::2023-05-26.11:01:56::SCWPlatform::DSA absoulate path C:/Users/mafassi/Desktop/UART_LVDS_Vitis2/design_1_wrapper_V1/hw/design_1_wrapper_V1.xsa
TRACE::2023-05-26.11:01:56::SCWPlatform::DSA directory C:/Users/mafassi/Desktop/UART_LVDS_Vitis2/design_1_wrapper_V1/hw
TRACE::2023-05-26.11:01:56::SCWPlatform:: Platform Path C:/Users/mafassi/Desktop/UART_LVDS_Vitis2/design_1_wrapper_V1/hw/design_1_wrapper_V1.xsa
TRACE::2023-05-26.11:01:56::SCWPlatform:: Unique name xilinx:nexys_video::0.0
TRACE::2023-05-26.11:01:56::SCWPlatform::Trying to set the existing hwdb with name design_1_wrapper_10
TRACE::2023-05-26.11:01:56::SCWPlatform::Opened existing hwdb design_1_wrapper_10
TRACE::2023-05-26.11:01:56::SCWPlatform::Found the Hw Db part of the input DSA
TRACE::2023-05-26.11:01:56::SCWMssOS::Checking the sw design at  C:/Users/mafassi/Desktop/UART_LVDS_Vitis2/design_1_wrapper_V1/microblaze_0/standalone_microblaze_0/bsp/system.mss
TRACE::2023-05-26.11:01:56::SCWMssOS::DEBUG:  swdes dump  C:/Users/mafassi/Desktop/UART_LVDS_Vitis2/LVDS_UART_PLATFORM/microblaze_0/standalone_domain/bsp/system.mss|system_0||
C:/Users/mafassi/Desktop/UART_LVDS_Vitis2/Microblaze_LVDS/microblaze_0/standalone_microblaze_0/bsp/system.mss|system||
C:/Users/mafassi/Desktop/UART_LVDS_Vitis2/design_1_wrapper_V1/microblaze_0/standalone_microblaze_0/bsp/system.mss|system_1||

TRACE::2023-05-26.11:01:56::SCWMssOS::Sw design exists and opened at  C:/Users/mafassi/Desktop/UART_LVDS_Vitis2/design_1_wrapper_V1/microblaze_0/standalone_microblaze_0/bsp/system.mss
TRACE::2023-05-26.11:01:56::SCWMssOS::Completed writing the mss file at C:/Users/mafassi/Desktop/UART_LVDS_Vitis2/design_1_wrapper_V1/microblaze_0/standalone_microblaze_0/bsp
TRACE::2023-05-26.11:01:56::SCWMssOS::Mss edits present, copying mssfile into export location C:/Users/mafassi/Desktop/UART_LVDS_Vitis2/design_1_wrapper_V1/microblaze_0/standalone_microblaze_0/bsp/system.mss
TRACE::2023-05-26.11:01:56::SCWMssOS::bsp generated is upto date with the mss file. Skipping bsp generation.
TRACE::2023-05-26.11:01:56::SCWMssOS::BSP is already built. skipping the bsp build ... 
TRACE::2023-05-26.11:01:56::SCWDomain::Skipping the build for domain :  standalone_microblaze_0
TRACE::2023-05-26.11:01:56::SCWMssOS::skipping the bsp build ... 
TRACE::2023-05-26.11:01:56::SCWMssOS::Copying to export directory.
TRACE::2023-05-26.11:01:56::SCWMssOS:: Checking if to create the Supporting Applications
TRACE::2023-05-26.11:01:56::SCWMssOS:: No Linux domain exists, trying to generate FSBL 
LOG::2023-05-26.11:01:56::SCWSystem::Completed Processing the domain standalone_microblaze_0
LOG::2023-05-26.11:01:56::SCWSystem::Completed Processing the sysconfig design_1_wrapper_V1
LOG::2023-05-26.11:01:56::SCWPlatform::Completed generating the artifacts for system configuration design_1_wrapper_V1
TRACE::2023-05-26.11:01:56::SCWPlatform::Started preparing the platform 
TRACE::2023-05-26.11:01:56::SCWSystem::Writing the bif file for system config design_1_wrapper_V1
TRACE::2023-05-26.11:01:56::SCWSystem::dir created 
TRACE::2023-05-26.11:01:56::SCWSystem::Writing the bif 
TRACE::2023-05-26.11:01:56::SCWPlatform::Started writing the spfm file 
TRACE::2023-05-26.11:01:56::SCWPlatform::Started writing the xpfm file 
TRACE::2023-05-26.11:01:56::SCWPlatform::Completed generating the platform
TRACE::2023-05-26.11:01:56::SCWMssOS::Saving the mss changes C:/Users/mafassi/Desktop/UART_LVDS_Vitis2/design_1_wrapper_V1/microblaze_0/standalone_microblaze_0/bsp/system.mss
TRACE::2023-05-26.11:01:56::SCWMssOS::Found a swdesign opened with the mssfile.
TRACE::2023-05-26.11:01:56::SCWMssOS::Completed writemss as part of save.
TRACE::2023-05-26.11:01:56::SCWMssOS::Commit changes completed.
TRACE::2023-05-26.11:01:56::SCWPlatform::Trying to open the hw design at C:/Users/mafassi/Desktop/UART_LVDS_Vitis2/design_1_wrapper_V1/hw/design_1_wrapper_V1.xsa
TRACE::2023-05-26.11:01:56::SCWPlatform::DSA given C:/Users/mafassi/Desktop/UART_LVDS_Vitis2/design_1_wrapper_V1/hw/design_1_wrapper_V1.xsa
TRACE::2023-05-26.11:01:56::SCWPlatform::DSA absoulate path C:/Users/mafassi/Desktop/UART_LVDS_Vitis2/design_1_wrapper_V1/hw/design_1_wrapper_V1.xsa
TRACE::2023-05-26.11:01:56::SCWPlatform::DSA directory C:/Users/mafassi/Desktop/UART_LVDS_Vitis2/design_1_wrapper_V1/hw
TRACE::2023-05-26.11:01:56::SCWPlatform:: Platform Path C:/Users/mafassi/Desktop/UART_LVDS_Vitis2/design_1_wrapper_V1/hw/design_1_wrapper_V1.xsa
TRACE::2023-05-26.11:01:56::SCWPlatform:: Unique name xilinx:nexys_video::0.0
TRACE::2023-05-26.11:01:56::SCWPlatform::Trying to set the existing hwdb with name design_1_wrapper_10
TRACE::2023-05-26.11:01:56::SCWPlatform::Opened existing hwdb design_1_wrapper_10
TRACE::2023-05-26.11:01:56::SCWPlatform::Found the Hw Db part of the input DSA
TRACE::2023-05-26.11:01:56::SCWMssOS::Checking the sw design at  C:/Users/mafassi/Desktop/UART_LVDS_Vitis2/design_1_wrapper_V1/microblaze_0/standalone_microblaze_0/bsp/system.mss
TRACE::2023-05-26.11:01:56::SCWMssOS::DEBUG:  swdes dump  C:/Users/mafassi/Desktop/UART_LVDS_Vitis2/LVDS_UART_PLATFORM/microblaze_0/standalone_domain/bsp/system.mss|system_0||
C:/Users/mafassi/Desktop/UART_LVDS_Vitis2/Microblaze_LVDS/microblaze_0/standalone_microblaze_0/bsp/system.mss|system||
C:/Users/mafassi/Desktop/UART_LVDS_Vitis2/design_1_wrapper_V1/microblaze_0/standalone_microblaze_0/bsp/system.mss|system_1||

TRACE::2023-05-26.11:01:56::SCWMssOS::Sw design exists and opened at  C:/Users/mafassi/Desktop/UART_LVDS_Vitis2/design_1_wrapper_V1/microblaze_0/standalone_microblaze_0/bsp/system.mss
TRACE::2023-05-26.11:01:56::SCWPlatform::Trying to open the hw design at C:/Users/mafassi/Desktop/UART_LVDS_Vitis2/design_1_wrapper_V1/hw/design_1_wrapper_V1.xsa
TRACE::2023-05-26.11:01:56::SCWPlatform::DSA given C:/Users/mafassi/Desktop/UART_LVDS_Vitis2/design_1_wrapper_V1/hw/design_1_wrapper_V1.xsa
TRACE::2023-05-26.11:01:56::SCWPlatform::DSA absoulate path C:/Users/mafassi/Desktop/UART_LVDS_Vitis2/design_1_wrapper_V1/hw/design_1_wrapper_V1.xsa
TRACE::2023-05-26.11:01:56::SCWPlatform::DSA directory C:/Users/mafassi/Desktop/UART_LVDS_Vitis2/design_1_wrapper_V1/hw
TRACE::2023-05-26.11:01:56::SCWPlatform:: Platform Path C:/Users/mafassi/Desktop/UART_LVDS_Vitis2/design_1_wrapper_V1/hw/design_1_wrapper_V1.xsa
TRACE::2023-05-26.11:01:56::SCWPlatform:: Unique name xilinx:nexys_video::0.0
TRACE::2023-05-26.11:01:56::SCWPlatform::Trying to set the existing hwdb with name design_1_wrapper_10
TRACE::2023-05-26.11:01:56::SCWPlatform::Opened existing hwdb design_1_wrapper_10
TRACE::2023-05-26.11:01:56::SCWPlatform::Found the Hw Db part of the input DSA
TRACE::2023-05-26.11:01:56::SCWMssOS::Checking the sw design at  C:/Users/mafassi/Desktop/UART_LVDS_Vitis2/design_1_wrapper_V1/microblaze_0/standalone_microblaze_0/bsp/system.mss
TRACE::2023-05-26.11:01:56::SCWMssOS::DEBUG:  swdes dump  C:/Users/mafassi/Desktop/UART_LVDS_Vitis2/LVDS_UART_PLATFORM/microblaze_0/standalone_domain/bsp/system.mss|system_0||
C:/Users/mafassi/Desktop/UART_LVDS_Vitis2/Microblaze_LVDS/microblaze_0/standalone_microblaze_0/bsp/system.mss|system||
C:/Users/mafassi/Desktop/UART_LVDS_Vitis2/design_1_wrapper_V1/microblaze_0/standalone_microblaze_0/bsp/system.mss|system_1||

TRACE::2023-05-26.11:01:56::SCWMssOS::Sw design exists and opened at  C:/Users/mafassi/Desktop/UART_LVDS_Vitis2/design_1_wrapper_V1/microblaze_0/standalone_microblaze_0/bsp/system.mss
TRACE::2023-05-26.11:01:56::SCWPlatform::Trying to open the hw design at C:/Users/mafassi/Desktop/UART_LVDS_Vitis2/design_1_wrapper_V1/hw/design_1_wrapper_V1.xsa
TRACE::2023-05-26.11:01:56::SCWPlatform::DSA given C:/Users/mafassi/Desktop/UART_LVDS_Vitis2/design_1_wrapper_V1/hw/design_1_wrapper_V1.xsa
TRACE::2023-05-26.11:01:56::SCWPlatform::DSA absoulate path C:/Users/mafassi/Desktop/UART_LVDS_Vitis2/design_1_wrapper_V1/hw/design_1_wrapper_V1.xsa
TRACE::2023-05-26.11:01:56::SCWPlatform::DSA directory C:/Users/mafassi/Desktop/UART_LVDS_Vitis2/design_1_wrapper_V1/hw
TRACE::2023-05-26.11:01:56::SCWPlatform:: Platform Path C:/Users/mafassi/Desktop/UART_LVDS_Vitis2/design_1_wrapper_V1/hw/design_1_wrapper_V1.xsa
TRACE::2023-05-26.11:01:56::SCWPlatform:: Unique name xilinx:nexys_video::0.0
TRACE::2023-05-26.11:01:56::SCWPlatform::Trying to set the existing hwdb with name design_1_wrapper_10
TRACE::2023-05-26.11:01:56::SCWPlatform::Opened existing hwdb design_1_wrapper_10
TRACE::2023-05-26.11:01:56::SCWPlatform::Found the Hw Db part of the input DSA
TRACE::2023-05-26.11:01:56::SCWMssOS::Checking the sw design at  C:/Users/mafassi/Desktop/UART_LVDS_Vitis2/design_1_wrapper_V1/microblaze_0/standalone_microblaze_0/bsp/system.mss
TRACE::2023-05-26.11:01:56::SCWMssOS::DEBUG:  swdes dump  C:/Users/mafassi/Desktop/UART_LVDS_Vitis2/LVDS_UART_PLATFORM/microblaze_0/standalone_domain/bsp/system.mss|system_0||
C:/Users/mafassi/Desktop/UART_LVDS_Vitis2/Microblaze_LVDS/microblaze_0/standalone_microblaze_0/bsp/system.mss|system||
C:/Users/mafassi/Desktop/UART_LVDS_Vitis2/design_1_wrapper_V1/microblaze_0/standalone_microblaze_0/bsp/system.mss|system_1||

TRACE::2023-05-26.11:01:56::SCWMssOS::Sw design exists and opened at  C:/Users/mafassi/Desktop/UART_LVDS_Vitis2/design_1_wrapper_V1/microblaze_0/standalone_microblaze_0/bsp/system.mss
TRACE::2023-05-26.11:01:56::SCWWriter::formatted JSON is {
	"platformName":	"design_1_wrapper_V1",
	"sprVersion":	"2.0",
	"mode":	"gui",
	"dsaType":	"Fixed",
	"platformDesc":	"design_1_wrapper_V1",
	"platHandOff":	"C:/Users/mafassi/Downloads/carte_blowbox/blowbox/Microblaze5/design_1_wrapper_V1.xsa",
	"platIntHandOff":	"<platformDir>/hw/design_1_wrapper_V1.xsa",
	"deviceType":	"FPGA",
	"platIsPrebuiltAutogen":	"false",
	"platIsNoBootBsp":	"false",
	"hasFsblMakeHasChanges":	"false",
	"hasPmufwMakeHasChanges":	"false",
	"platPreBuiltFlag":	false,
	"platformSamplesDir":	"",
	"platActiveSys":	"design_1_wrapper_V1",
	"systems":	[{
			"systemName":	"design_1_wrapper_V1",
			"systemDesc":	"design_1_wrapper_V1",
			"sysIsBootAutoGen":	"true",
			"systemDispName":	"design_1_wrapper_V1",
			"sysActiveDom":	"standalone_microblaze_0",
			"sysDefaultDom":	"standalone_microblaze_0",
			"domains":	[{
					"domainName":	"standalone_microblaze_0",
					"domainDispName":	"standalone_microblaze_0",
					"domainDesc":	"standalone_microblaze_0",
					"processors":	"microblaze_0",
					"os":	"standalone",
					"sdxOs":	"standalone",
					"debugEnable":	"False",
					"domRuntimes":	["cpp"],
					"swRepo":	"",
					"mssOsVer":	"7.3",
					"mssFile":	"",
					"md5Digest":	"7090ec96ed4e3e3afe4a562cc0a0369a",
					"compatibleApp":	"srec_spi_bootloader",
					"domType":	"mssDomain",
					"arch":	"32-bit",
					"appSettings":	{
						"appCompilerFlags":	"",
						"appLinkerFlags":	""
					},
					"addedLibs":	[],
					"libOptions":	{
						"libsContainingOptions":	[]
					},
					"prebuiltLibs":	{
						"prebuiltIncPath":	[],
						"prebuiltLibPath":	[]
					},
					"isolation":	{
					}
				}]
		}]
}
KEYINFO::2023-05-26.11:01:56::SCWPlatform::updated the xpfm file.
TRACE::2023-05-26.11:01:56::SCWPlatform::Trying to open the hw design at C:/Users/mafassi/Desktop/UART_LVDS_Vitis2/design_1_wrapper_V1/hw/design_1_wrapper_V1.xsa
TRACE::2023-05-26.11:01:56::SCWPlatform::DSA given C:/Users/mafassi/Desktop/UART_LVDS_Vitis2/design_1_wrapper_V1/hw/design_1_wrapper_V1.xsa
TRACE::2023-05-26.11:01:57::SCWPlatform::DSA absoulate path C:/Users/mafassi/Desktop/UART_LVDS_Vitis2/design_1_wrapper_V1/hw/design_1_wrapper_V1.xsa
TRACE::2023-05-26.11:01:57::SCWPlatform::DSA directory C:/Users/mafassi/Desktop/UART_LVDS_Vitis2/design_1_wrapper_V1/hw
TRACE::2023-05-26.11:01:57::SCWPlatform:: Platform Path C:/Users/mafassi/Desktop/UART_LVDS_Vitis2/design_1_wrapper_V1/hw/design_1_wrapper_V1.xsa
TRACE::2023-05-26.11:01:57::SCWPlatform:: Unique name xilinx:nexys_video::0.0
TRACE::2023-05-26.11:01:57::SCWPlatform::Trying to set the existing hwdb with name design_1_wrapper_10
TRACE::2023-05-26.11:01:57::SCWPlatform::Opened existing hwdb design_1_wrapper_10
TRACE::2023-05-26.11:01:57::SCWPlatform::Found the Hw Db part of the input DSA
TRACE::2023-05-26.11:01:57::SCWMssOS::Checking the sw design at  C:/Users/mafassi/Desktop/UART_LVDS_Vitis2/design_1_wrapper_V1/microblaze_0/standalone_microblaze_0/bsp/system.mss
TRACE::2023-05-26.11:01:57::SCWMssOS::DEBUG:  swdes dump  C:/Users/mafassi/Desktop/UART_LVDS_Vitis2/LVDS_UART_PLATFORM/microblaze_0/standalone_domain/bsp/system.mss|system_0||
C:/Users/mafassi/Desktop/UART_LVDS_Vitis2/Microblaze_LVDS/microblaze_0/standalone_microblaze_0/bsp/system.mss|system||
C:/Users/mafassi/Desktop/UART_LVDS_Vitis2/design_1_wrapper_V1/microblaze_0/standalone_microblaze_0/bsp/system.mss|system_1||

TRACE::2023-05-26.11:01:57::SCWMssOS::Sw design exists and opened at  C:/Users/mafassi/Desktop/UART_LVDS_Vitis2/design_1_wrapper_V1/microblaze_0/standalone_microblaze_0/bsp/system.mss
TRACE::2023-05-26.11:01:57::SCWMssOS::Saving the mss changes C:/Users/mafassi/Desktop/UART_LVDS_Vitis2/design_1_wrapper_V1/microblaze_0/standalone_microblaze_0/bsp/system.mss
TRACE::2023-05-26.11:01:57::SCWMssOS::Found a swdesign opened with the mssfile.
TRACE::2023-05-26.11:01:57::SCWMssOS::Completed writemss as part of save.
TRACE::2023-05-26.11:01:57::SCWMssOS::Commit changes completed.
TRACE::2023-05-26.11:01:57::SCWPlatform::Trying to open the hw design at C:/Users/mafassi/Desktop/UART_LVDS_Vitis2/design_1_wrapper_V1/hw/design_1_wrapper_V1.xsa
TRACE::2023-05-26.11:01:57::SCWPlatform::DSA given C:/Users/mafassi/Desktop/UART_LVDS_Vitis2/design_1_wrapper_V1/hw/design_1_wrapper_V1.xsa
TRACE::2023-05-26.11:01:57::SCWPlatform::DSA absoulate path C:/Users/mafassi/Desktop/UART_LVDS_Vitis2/design_1_wrapper_V1/hw/design_1_wrapper_V1.xsa
TRACE::2023-05-26.11:01:57::SCWPlatform::DSA directory C:/Users/mafassi/Desktop/UART_LVDS_Vitis2/design_1_wrapper_V1/hw
TRACE::2023-05-26.11:01:57::SCWPlatform:: Platform Path C:/Users/mafassi/Desktop/UART_LVDS_Vitis2/design_1_wrapper_V1/hw/design_1_wrapper_V1.xsa
TRACE::2023-05-26.11:01:57::SCWPlatform:: Unique name xilinx:nexys_video::0.0
TRACE::2023-05-26.11:01:57::SCWPlatform::Trying to set the existing hwdb with name design_1_wrapper_10
TRACE::2023-05-26.11:01:57::SCWPlatform::Opened existing hwdb design_1_wrapper_10
TRACE::2023-05-26.11:01:57::SCWPlatform::Found the Hw Db part of the input DSA
TRACE::2023-05-26.11:01:57::SCWMssOS::Checking the sw design at  C:/Users/mafassi/Desktop/UART_LVDS_Vitis2/design_1_wrapper_V1/microblaze_0/standalone_microblaze_0/bsp/system.mss
TRACE::2023-05-26.11:01:57::SCWMssOS::DEBUG:  swdes dump  C:/Users/mafassi/Desktop/UART_LVDS_Vitis2/LVDS_UART_PLATFORM/microblaze_0/standalone_domain/bsp/system.mss|system_0||
C:/Users/mafassi/Desktop/UART_LVDS_Vitis2/Microblaze_LVDS/microblaze_0/standalone_microblaze_0/bsp/system.mss|system||
C:/Users/mafassi/Desktop/UART_LVDS_Vitis2/design_1_wrapper_V1/microblaze_0/standalone_microblaze_0/bsp/system.mss|system_1||

TRACE::2023-05-26.11:01:57::SCWMssOS::Sw design exists and opened at  C:/Users/mafassi/Desktop/UART_LVDS_Vitis2/design_1_wrapper_V1/microblaze_0/standalone_microblaze_0/bsp/system.mss
TRACE::2023-05-26.11:01:57::SCWPlatform::Trying to open the hw design at C:/Users/mafassi/Desktop/UART_LVDS_Vitis2/design_1_wrapper_V1/hw/design_1_wrapper_V1.xsa
TRACE::2023-05-26.11:01:57::SCWPlatform::DSA given C:/Users/mafassi/Desktop/UART_LVDS_Vitis2/design_1_wrapper_V1/hw/design_1_wrapper_V1.xsa
TRACE::2023-05-26.11:01:57::SCWPlatform::DSA absoulate path C:/Users/mafassi/Desktop/UART_LVDS_Vitis2/design_1_wrapper_V1/hw/design_1_wrapper_V1.xsa
TRACE::2023-05-26.11:01:57::SCWPlatform::DSA directory C:/Users/mafassi/Desktop/UART_LVDS_Vitis2/design_1_wrapper_V1/hw
TRACE::2023-05-26.11:01:57::SCWPlatform:: Platform Path C:/Users/mafassi/Desktop/UART_LVDS_Vitis2/design_1_wrapper_V1/hw/design_1_wrapper_V1.xsa
TRACE::2023-05-26.11:01:57::SCWPlatform:: Unique name xilinx:nexys_video::0.0
TRACE::2023-05-26.11:01:57::SCWPlatform::Trying to set the existing hwdb with name design_1_wrapper_10
TRACE::2023-05-26.11:01:57::SCWPlatform::Opened existing hwdb design_1_wrapper_10
TRACE::2023-05-26.11:01:57::SCWPlatform::Found the Hw Db part of the input DSA
TRACE::2023-05-26.11:01:57::SCWMssOS::Checking the sw design at  C:/Users/mafassi/Desktop/UART_LVDS_Vitis2/design_1_wrapper_V1/microblaze_0/standalone_microblaze_0/bsp/system.mss
TRACE::2023-05-26.11:01:57::SCWMssOS::DEBUG:  swdes dump  C:/Users/mafassi/Desktop/UART_LVDS_Vitis2/LVDS_UART_PLATFORM/microblaze_0/standalone_domain/bsp/system.mss|system_0||
C:/Users/mafassi/Desktop/UART_LVDS_Vitis2/Microblaze_LVDS/microblaze_0/standalone_microblaze_0/bsp/system.mss|system||
C:/Users/mafassi/Desktop/UART_LVDS_Vitis2/design_1_wrapper_V1/microblaze_0/standalone_microblaze_0/bsp/system.mss|system_1||

TRACE::2023-05-26.11:01:57::SCWMssOS::Sw design exists and opened at  C:/Users/mafassi/Desktop/UART_LVDS_Vitis2/design_1_wrapper_V1/microblaze_0/standalone_microblaze_0/bsp/system.mss
TRACE::2023-05-26.11:01:57::SCWPlatform::Trying to open the hw design at C:/Users/mafassi/Desktop/UART_LVDS_Vitis2/design_1_wrapper_V1/hw/design_1_wrapper_V1.xsa
TRACE::2023-05-26.11:01:57::SCWPlatform::DSA given C:/Users/mafassi/Desktop/UART_LVDS_Vitis2/design_1_wrapper_V1/hw/design_1_wrapper_V1.xsa
TRACE::2023-05-26.11:01:57::SCWPlatform::DSA absoulate path C:/Users/mafassi/Desktop/UART_LVDS_Vitis2/design_1_wrapper_V1/hw/design_1_wrapper_V1.xsa
TRACE::2023-05-26.11:01:57::SCWPlatform::DSA directory C:/Users/mafassi/Desktop/UART_LVDS_Vitis2/design_1_wrapper_V1/hw
TRACE::2023-05-26.11:01:57::SCWPlatform:: Platform Path C:/Users/mafassi/Desktop/UART_LVDS_Vitis2/design_1_wrapper_V1/hw/design_1_wrapper_V1.xsa
TRACE::2023-05-26.11:01:57::SCWPlatform:: Unique name xilinx:nexys_video::0.0
TRACE::2023-05-26.11:01:57::SCWPlatform::Trying to set the existing hwdb with name design_1_wrapper_10
TRACE::2023-05-26.11:01:57::SCWPlatform::Opened existing hwdb design_1_wrapper_10
TRACE::2023-05-26.11:01:57::SCWPlatform::Found the Hw Db part of the input DSA
TRACE::2023-05-26.11:01:57::SCWMssOS::Checking the sw design at  C:/Users/mafassi/Desktop/UART_LVDS_Vitis2/design_1_wrapper_V1/microblaze_0/standalone_microblaze_0/bsp/system.mss
TRACE::2023-05-26.11:01:57::SCWMssOS::DEBUG:  swdes dump  C:/Users/mafassi/Desktop/UART_LVDS_Vitis2/LVDS_UART_PLATFORM/microblaze_0/standalone_domain/bsp/system.mss|system_0||
C:/Users/mafassi/Desktop/UART_LVDS_Vitis2/Microblaze_LVDS/microblaze_0/standalone_microblaze_0/bsp/system.mss|system||
C:/Users/mafassi/Desktop/UART_LVDS_Vitis2/design_1_wrapper_V1/microblaze_0/standalone_microblaze_0/bsp/system.mss|system_1||

TRACE::2023-05-26.11:01:57::SCWMssOS::Sw design exists and opened at  C:/Users/mafassi/Desktop/UART_LVDS_Vitis2/design_1_wrapper_V1/microblaze_0/standalone_microblaze_0/bsp/system.mss
TRACE::2023-05-26.11:01:57::SCWWriter::formatted JSON is {
	"platformName":	"design_1_wrapper_V1",
	"sprVersion":	"2.0",
	"mode":	"gui",
	"dsaType":	"Fixed",
	"platformDesc":	"design_1_wrapper_V1",
	"platHandOff":	"C:/Users/mafassi/Downloads/carte_blowbox/blowbox/Microblaze5/design_1_wrapper_V1.xsa",
	"platIntHandOff":	"<platformDir>/hw/design_1_wrapper_V1.xsa",
	"deviceType":	"FPGA",
	"platIsPrebuiltAutogen":	"false",
	"platIsNoBootBsp":	"false",
	"hasFsblMakeHasChanges":	"false",
	"hasPmufwMakeHasChanges":	"false",
	"platPreBuiltFlag":	false,
	"platformSamplesDir":	"",
	"platActiveSys":	"design_1_wrapper_V1",
	"systems":	[{
			"systemName":	"design_1_wrapper_V1",
			"systemDesc":	"design_1_wrapper_V1",
			"sysIsBootAutoGen":	"true",
			"systemDispName":	"design_1_wrapper_V1",
			"sysActiveDom":	"standalone_microblaze_0",
			"sysDefaultDom":	"standalone_microblaze_0",
			"domains":	[{
					"domainName":	"standalone_microblaze_0",
					"domainDispName":	"standalone_microblaze_0",
					"domainDesc":	"standalone_microblaze_0",
					"processors":	"microblaze_0",
					"os":	"standalone",
					"sdxOs":	"standalone",
					"debugEnable":	"False",
					"domRuntimes":	["cpp"],
					"swRepo":	"",
					"mssOsVer":	"7.3",
					"mssFile":	"",
					"md5Digest":	"7090ec96ed4e3e3afe4a562cc0a0369a",
					"compatibleApp":	"srec_spi_bootloader",
					"domType":	"mssDomain",
					"arch":	"32-bit",
					"appSettings":	{
						"appCompilerFlags":	"",
						"appLinkerFlags":	""
					},
					"addedLibs":	[],
					"libOptions":	{
						"libsContainingOptions":	[]
					},
					"prebuiltLibs":	{
						"prebuiltIncPath":	[],
						"prebuiltLibPath":	[]
					},
					"isolation":	{
					}
				}]
		}]
}
TRACE::2023-05-26.11:01:57::SCWPlatform::Trying to open the hw design at C:/Users/mafassi/Desktop/UART_LVDS_Vitis2/design_1_wrapper_V1/hw/design_1_wrapper_V1.xsa
TRACE::2023-05-26.11:01:57::SCWPlatform::DSA given C:/Users/mafassi/Desktop/UART_LVDS_Vitis2/design_1_wrapper_V1/hw/design_1_wrapper_V1.xsa
TRACE::2023-05-26.11:01:57::SCWPlatform::DSA absoulate path C:/Users/mafassi/Desktop/UART_LVDS_Vitis2/design_1_wrapper_V1/hw/design_1_wrapper_V1.xsa
TRACE::2023-05-26.11:01:57::SCWPlatform::DSA directory C:/Users/mafassi/Desktop/UART_LVDS_Vitis2/design_1_wrapper_V1/hw
TRACE::2023-05-26.11:01:57::SCWPlatform:: Platform Path C:/Users/mafassi/Desktop/UART_LVDS_Vitis2/design_1_wrapper_V1/hw/design_1_wrapper_V1.xsa
TRACE::2023-05-26.11:01:57::SCWPlatform:: Unique name xilinx:nexys_video::0.0
TRACE::2023-05-26.11:01:57::SCWPlatform::Trying to set the existing hwdb with name design_1_wrapper_10
TRACE::2023-05-26.11:01:57::SCWPlatform::Opened existing hwdb design_1_wrapper_10
TRACE::2023-05-26.11:01:57::SCWPlatform::Found the Hw Db part of the input DSA
TRACE::2023-05-26.11:01:57::SCWMssOS::Checking the sw design at  C:/Users/mafassi/Desktop/UART_LVDS_Vitis2/design_1_wrapper_V1/microblaze_0/standalone_microblaze_0/bsp/system.mss
TRACE::2023-05-26.11:01:57::SCWMssOS::DEBUG:  swdes dump  C:/Users/mafassi/Desktop/UART_LVDS_Vitis2/LVDS_UART_PLATFORM/microblaze_0/standalone_domain/bsp/system.mss|system_0||
C:/Users/mafassi/Desktop/UART_LVDS_Vitis2/Microblaze_LVDS/microblaze_0/standalone_microblaze_0/bsp/system.mss|system||
C:/Users/mafassi/Desktop/UART_LVDS_Vitis2/design_1_wrapper_V1/microblaze_0/standalone_microblaze_0/bsp/system.mss|system_1||

TRACE::2023-05-26.11:01:57::SCWMssOS::Sw design exists and opened at  C:/Users/mafassi/Desktop/UART_LVDS_Vitis2/design_1_wrapper_V1/microblaze_0/standalone_microblaze_0/bsp/system.mss
TRACE::2023-05-26.11:01:57::SCWPlatform::Trying to open the hw design at C:/Users/mafassi/Desktop/UART_LVDS_Vitis2/design_1_wrapper_V1/hw/design_1_wrapper_V1.xsa
TRACE::2023-05-26.11:01:57::SCWPlatform::DSA given C:/Users/mafassi/Desktop/UART_LVDS_Vitis2/design_1_wrapper_V1/hw/design_1_wrapper_V1.xsa
TRACE::2023-05-26.11:01:57::SCWPlatform::DSA absoulate path C:/Users/mafassi/Desktop/UART_LVDS_Vitis2/design_1_wrapper_V1/hw/design_1_wrapper_V1.xsa
TRACE::2023-05-26.11:01:57::SCWPlatform::DSA directory C:/Users/mafassi/Desktop/UART_LVDS_Vitis2/design_1_wrapper_V1/hw
TRACE::2023-05-26.11:01:57::SCWPlatform:: Platform Path C:/Users/mafassi/Desktop/UART_LVDS_Vitis2/design_1_wrapper_V1/hw/design_1_wrapper_V1.xsa
TRACE::2023-05-26.11:01:57::SCWPlatform:: Unique name xilinx:nexys_video::0.0
TRACE::2023-05-26.11:01:57::SCWPlatform::Trying to set the existing hwdb with name design_1_wrapper_10
TRACE::2023-05-26.11:01:57::SCWPlatform::Opened existing hwdb design_1_wrapper_10
TRACE::2023-05-26.11:01:57::SCWPlatform::Found the Hw Db part of the input DSA
TRACE::2023-05-26.11:01:57::SCWMssOS::Checking the sw design at  C:/Users/mafassi/Desktop/UART_LVDS_Vitis2/design_1_wrapper_V1/microblaze_0/standalone_microblaze_0/bsp/system.mss
TRACE::2023-05-26.11:01:57::SCWMssOS::DEBUG:  swdes dump  C:/Users/mafassi/Desktop/UART_LVDS_Vitis2/LVDS_UART_PLATFORM/microblaze_0/standalone_domain/bsp/system.mss|system_0||
C:/Users/mafassi/Desktop/UART_LVDS_Vitis2/Microblaze_LVDS/microblaze_0/standalone_microblaze_0/bsp/system.mss|system||
C:/Users/mafassi/Desktop/UART_LVDS_Vitis2/design_1_wrapper_V1/microblaze_0/standalone_microblaze_0/bsp/system.mss|system_1||

TRACE::2023-05-26.11:01:57::SCWMssOS::Sw design exists and opened at  C:/Users/mafassi/Desktop/UART_LVDS_Vitis2/design_1_wrapper_V1/microblaze_0/standalone_microblaze_0/bsp/system.mss
TRACE::2023-05-26.11:01:57::SCWMssOS::Saving the mss changes C:/Users/mafassi/Desktop/UART_LVDS_Vitis2/design_1_wrapper_V1/microblaze_0/standalone_microblaze_0/bsp/system.mss
TRACE::2023-05-26.11:01:57::SCWMssOS::Found a swdesign opened with the mssfile.
TRACE::2023-05-26.11:01:57::SCWMssOS::Completed writemss as part of save.
TRACE::2023-05-26.11:01:57::SCWMssOS::Commit changes completed.
TRACE::2023-05-26.11:01:57::SCWPlatform::Trying to open the hw design at C:/Users/mafassi/Desktop/UART_LVDS_Vitis2/design_1_wrapper_V1/hw/design_1_wrapper_V1.xsa
TRACE::2023-05-26.11:01:57::SCWPlatform::DSA given C:/Users/mafassi/Desktop/UART_LVDS_Vitis2/design_1_wrapper_V1/hw/design_1_wrapper_V1.xsa
TRACE::2023-05-26.11:01:57::SCWPlatform::DSA absoulate path C:/Users/mafassi/Desktop/UART_LVDS_Vitis2/design_1_wrapper_V1/hw/design_1_wrapper_V1.xsa
TRACE::2023-05-26.11:01:57::SCWPlatform::DSA directory C:/Users/mafassi/Desktop/UART_LVDS_Vitis2/design_1_wrapper_V1/hw
TRACE::2023-05-26.11:01:57::SCWPlatform:: Platform Path C:/Users/mafassi/Desktop/UART_LVDS_Vitis2/design_1_wrapper_V1/hw/design_1_wrapper_V1.xsa
TRACE::2023-05-26.11:01:57::SCWPlatform:: Unique name xilinx:nexys_video::0.0
TRACE::2023-05-26.11:01:57::SCWPlatform::Trying to set the existing hwdb with name design_1_wrapper_10
TRACE::2023-05-26.11:01:57::SCWPlatform::Opened existing hwdb design_1_wrapper_10
TRACE::2023-05-26.11:01:57::SCWPlatform::Found the Hw Db part of the input DSA
TRACE::2023-05-26.11:01:57::SCWMssOS::Checking the sw design at  C:/Users/mafassi/Desktop/UART_LVDS_Vitis2/design_1_wrapper_V1/microblaze_0/standalone_microblaze_0/bsp/system.mss
TRACE::2023-05-26.11:01:57::SCWMssOS::DEBUG:  swdes dump  C:/Users/mafassi/Desktop/UART_LVDS_Vitis2/LVDS_UART_PLATFORM/microblaze_0/standalone_domain/bsp/system.mss|system_0||
C:/Users/mafassi/Desktop/UART_LVDS_Vitis2/Microblaze_LVDS/microblaze_0/standalone_microblaze_0/bsp/system.mss|system||
C:/Users/mafassi/Desktop/UART_LVDS_Vitis2/design_1_wrapper_V1/microblaze_0/standalone_microblaze_0/bsp/system.mss|system_1||

TRACE::2023-05-26.11:01:57::SCWMssOS::Sw design exists and opened at  C:/Users/mafassi/Desktop/UART_LVDS_Vitis2/design_1_wrapper_V1/microblaze_0/standalone_microblaze_0/bsp/system.mss
TRACE::2023-05-26.11:01:57::SCWPlatform::Trying to open the hw design at C:/Users/mafassi/Desktop/UART_LVDS_Vitis2/design_1_wrapper_V1/hw/design_1_wrapper_V1.xsa
TRACE::2023-05-26.11:01:57::SCWPlatform::DSA given C:/Users/mafassi/Desktop/UART_LVDS_Vitis2/design_1_wrapper_V1/hw/design_1_wrapper_V1.xsa
TRACE::2023-05-26.11:01:57::SCWPlatform::DSA absoulate path C:/Users/mafassi/Desktop/UART_LVDS_Vitis2/design_1_wrapper_V1/hw/design_1_wrapper_V1.xsa
TRACE::2023-05-26.11:01:57::SCWPlatform::DSA directory C:/Users/mafassi/Desktop/UART_LVDS_Vitis2/design_1_wrapper_V1/hw
TRACE::2023-05-26.11:01:57::SCWPlatform:: Platform Path C:/Users/mafassi/Desktop/UART_LVDS_Vitis2/design_1_wrapper_V1/hw/design_1_wrapper_V1.xsa
TRACE::2023-05-26.11:01:57::SCWPlatform:: Unique name xilinx:nexys_video::0.0
TRACE::2023-05-26.11:01:57::SCWPlatform::Trying to set the existing hwdb with name design_1_wrapper_10
TRACE::2023-05-26.11:01:57::SCWPlatform::Opened existing hwdb design_1_wrapper_10
TRACE::2023-05-26.11:01:57::SCWPlatform::Found the Hw Db part of the input DSA
TRACE::2023-05-26.11:01:57::SCWMssOS::Checking the sw design at  C:/Users/mafassi/Desktop/UART_LVDS_Vitis2/design_1_wrapper_V1/microblaze_0/standalone_microblaze_0/bsp/system.mss
TRACE::2023-05-26.11:01:57::SCWMssOS::DEBUG:  swdes dump  C:/Users/mafassi/Desktop/UART_LVDS_Vitis2/LVDS_UART_PLATFORM/microblaze_0/standalone_domain/bsp/system.mss|system_0||
C:/Users/mafassi/Desktop/UART_LVDS_Vitis2/Microblaze_LVDS/microblaze_0/standalone_microblaze_0/bsp/system.mss|system||
C:/Users/mafassi/Desktop/UART_LVDS_Vitis2/design_1_wrapper_V1/microblaze_0/standalone_microblaze_0/bsp/system.mss|system_1||

TRACE::2023-05-26.11:01:57::SCWMssOS::Sw design exists and opened at  C:/Users/mafassi/Desktop/UART_LVDS_Vitis2/design_1_wrapper_V1/microblaze_0/standalone_microblaze_0/bsp/system.mss
TRACE::2023-05-26.11:01:57::SCWPlatform::Trying to open the hw design at C:/Users/mafassi/Desktop/UART_LVDS_Vitis2/design_1_wrapper_V1/hw/design_1_wrapper_V1.xsa
TRACE::2023-05-26.11:01:57::SCWPlatform::DSA given C:/Users/mafassi/Desktop/UART_LVDS_Vitis2/design_1_wrapper_V1/hw/design_1_wrapper_V1.xsa
TRACE::2023-05-26.11:01:57::SCWPlatform::DSA absoulate path C:/Users/mafassi/Desktop/UART_LVDS_Vitis2/design_1_wrapper_V1/hw/design_1_wrapper_V1.xsa
TRACE::2023-05-26.11:01:57::SCWPlatform::DSA directory C:/Users/mafassi/Desktop/UART_LVDS_Vitis2/design_1_wrapper_V1/hw
TRACE::2023-05-26.11:01:57::SCWPlatform:: Platform Path C:/Users/mafassi/Desktop/UART_LVDS_Vitis2/design_1_wrapper_V1/hw/design_1_wrapper_V1.xsa
TRACE::2023-05-26.11:01:57::SCWPlatform:: Unique name xilinx:nexys_video::0.0
TRACE::2023-05-26.11:01:57::SCWPlatform::Trying to set the existing hwdb with name design_1_wrapper_10
TRACE::2023-05-26.11:01:57::SCWPlatform::Opened existing hwdb design_1_wrapper_10
TRACE::2023-05-26.11:01:57::SCWPlatform::Found the Hw Db part of the input DSA
TRACE::2023-05-26.11:01:57::SCWMssOS::Checking the sw design at  C:/Users/mafassi/Desktop/UART_LVDS_Vitis2/design_1_wrapper_V1/microblaze_0/standalone_microblaze_0/bsp/system.mss
TRACE::2023-05-26.11:01:57::SCWMssOS::DEBUG:  swdes dump  C:/Users/mafassi/Desktop/UART_LVDS_Vitis2/LVDS_UART_PLATFORM/microblaze_0/standalone_domain/bsp/system.mss|system_0||
C:/Users/mafassi/Desktop/UART_LVDS_Vitis2/Microblaze_LVDS/microblaze_0/standalone_microblaze_0/bsp/system.mss|system||
C:/Users/mafassi/Desktop/UART_LVDS_Vitis2/design_1_wrapper_V1/microblaze_0/standalone_microblaze_0/bsp/system.mss|system_1||

TRACE::2023-05-26.11:01:57::SCWMssOS::Sw design exists and opened at  C:/Users/mafassi/Desktop/UART_LVDS_Vitis2/design_1_wrapper_V1/microblaze_0/standalone_microblaze_0/bsp/system.mss
TRACE::2023-05-26.11:01:57::SCWWriter::formatted JSON is {
	"platformName":	"design_1_wrapper_V1",
	"sprVersion":	"2.0",
	"mode":	"gui",
	"dsaType":	"Fixed",
	"platformDesc":	"design_1_wrapper_V1",
	"platHandOff":	"C:/Users/mafassi/Downloads/carte_blowbox/blowbox/Microblaze5/design_1_wrapper_V1.xsa",
	"platIntHandOff":	"<platformDir>/hw/design_1_wrapper_V1.xsa",
	"deviceType":	"FPGA",
	"platIsPrebuiltAutogen":	"false",
	"platIsNoBootBsp":	"false",
	"hasFsblMakeHasChanges":	"false",
	"hasPmufwMakeHasChanges":	"false",
	"platPreBuiltFlag":	false,
	"platformSamplesDir":	"",
	"platActiveSys":	"design_1_wrapper_V1",
	"systems":	[{
			"systemName":	"design_1_wrapper_V1",
			"systemDesc":	"design_1_wrapper_V1",
			"sysIsBootAutoGen":	"true",
			"systemDispName":	"design_1_wrapper_V1",
			"sysActiveDom":	"standalone_microblaze_0",
			"sysDefaultDom":	"standalone_microblaze_0",
			"domains":	[{
					"domainName":	"standalone_microblaze_0",
					"domainDispName":	"standalone_microblaze_0",
					"domainDesc":	"standalone_microblaze_0",
					"processors":	"microblaze_0",
					"os":	"standalone",
					"sdxOs":	"standalone",
					"debugEnable":	"False",
					"domRuntimes":	["cpp"],
					"swRepo":	"",
					"mssOsVer":	"7.3",
					"mssFile":	"",
					"md5Digest":	"7090ec96ed4e3e3afe4a562cc0a0369a",
					"compatibleApp":	"srec_spi_bootloader",
					"domType":	"mssDomain",
					"arch":	"32-bit",
					"appSettings":	{
						"appCompilerFlags":	"",
						"appLinkerFlags":	""
					},
					"addedLibs":	[],
					"libOptions":	{
						"libsContainingOptions":	[]
					},
					"prebuiltLibs":	{
						"prebuiltIncPath":	[],
						"prebuiltLibPath":	[]
					},
					"isolation":	{
					}
				}]
		}]
}
LOG::2023-05-26.11:01:57::SCWPlatform::Started generating the artifacts platform design_1_wrapper_V1
TRACE::2023-05-26.11:01:57::SCWPlatform::Sanity checking of platform is completed
LOG::2023-05-26.11:01:57::SCWPlatform::Started generating the artifacts for system configuration design_1_wrapper_V1
LOG::2023-05-26.11:01:57::SCWSystem::Started Processing the domain standalone_microblaze_0
TRACE::2023-05-26.11:01:57::SCWDomain::Generating domain artifcats
TRACE::2023-05-26.11:01:57::SCWMssOS::Generating standalone artifcats
TRACE::2023-05-26.11:01:57::SCWMssOS:: Copying the user libraries. 
TRACE::2023-05-26.11:01:57::SCWPlatform::Trying to open the hw design at C:/Users/mafassi/Desktop/UART_LVDS_Vitis2/design_1_wrapper_V1/hw/design_1_wrapper_V1.xsa
TRACE::2023-05-26.11:01:57::SCWPlatform::DSA given C:/Users/mafassi/Desktop/UART_LVDS_Vitis2/design_1_wrapper_V1/hw/design_1_wrapper_V1.xsa
TRACE::2023-05-26.11:01:57::SCWPlatform::DSA absoulate path C:/Users/mafassi/Desktop/UART_LVDS_Vitis2/design_1_wrapper_V1/hw/design_1_wrapper_V1.xsa
TRACE::2023-05-26.11:01:57::SCWPlatform::DSA directory C:/Users/mafassi/Desktop/UART_LVDS_Vitis2/design_1_wrapper_V1/hw
TRACE::2023-05-26.11:01:57::SCWPlatform:: Platform Path C:/Users/mafassi/Desktop/UART_LVDS_Vitis2/design_1_wrapper_V1/hw/design_1_wrapper_V1.xsa
TRACE::2023-05-26.11:01:57::SCWPlatform:: Unique name xilinx:nexys_video::0.0
TRACE::2023-05-26.11:01:57::SCWPlatform::Trying to set the existing hwdb with name design_1_wrapper_10
TRACE::2023-05-26.11:01:57::SCWPlatform::Opened existing hwdb design_1_wrapper_10
TRACE::2023-05-26.11:01:57::SCWPlatform::Found the Hw Db part of the input DSA
TRACE::2023-05-26.11:01:57::SCWMssOS::Checking the sw design at  C:/Users/mafassi/Desktop/UART_LVDS_Vitis2/design_1_wrapper_V1/microblaze_0/standalone_microblaze_0/bsp/system.mss
TRACE::2023-05-26.11:01:57::SCWMssOS::DEBUG:  swdes dump  C:/Users/mafassi/Desktop/UART_LVDS_Vitis2/LVDS_UART_PLATFORM/microblaze_0/standalone_domain/bsp/system.mss|system_0||
C:/Users/mafassi/Desktop/UART_LVDS_Vitis2/Microblaze_LVDS/microblaze_0/standalone_microblaze_0/bsp/system.mss|system||
C:/Users/mafassi/Desktop/UART_LVDS_Vitis2/design_1_wrapper_V1/microblaze_0/standalone_microblaze_0/bsp/system.mss|system_1||

TRACE::2023-05-26.11:01:57::SCWMssOS::Sw design exists and opened at  C:/Users/mafassi/Desktop/UART_LVDS_Vitis2/design_1_wrapper_V1/microblaze_0/standalone_microblaze_0/bsp/system.mss
TRACE::2023-05-26.11:01:57::SCWMssOS::Completed writing the mss file at C:/Users/mafassi/Desktop/UART_LVDS_Vitis2/design_1_wrapper_V1/microblaze_0/standalone_microblaze_0/bsp
TRACE::2023-05-26.11:01:57::SCWMssOS::Mss edits present, copying mssfile into export location C:/Users/mafassi/Desktop/UART_LVDS_Vitis2/design_1_wrapper_V1/microblaze_0/standalone_microblaze_0/bsp/system.mss
TRACE::2023-05-26.11:01:57::SCWMssOS::bsp generated is upto date with the mss file. Skipping bsp generation.
TRACE::2023-05-26.11:01:57::SCWMssOS::BSP is already built. skipping the bsp build ... 
TRACE::2023-05-26.11:01:57::SCWDomain::Building the domain as part of full build :  standalone_microblaze_0
TRACE::2023-05-26.11:01:57::SCWMssOS::skipping the bsp build ... 
TRACE::2023-05-26.11:01:57::SCWMssOS::Copying to export directory.
TRACE::2023-05-26.11:01:57::SCWMssOS:: Checking if to create the Supporting Applications
TRACE::2023-05-26.11:01:57::SCWMssOS:: No Linux domain exists, trying to generate FSBL 
LOG::2023-05-26.11:01:57::SCWSystem::Completed Processing the domain standalone_microblaze_0
LOG::2023-05-26.11:01:57::SCWSystem::Completed Processing the sysconfig design_1_wrapper_V1
LOG::2023-05-26.11:01:57::SCWPlatform::Completed generating the artifacts for system configuration design_1_wrapper_V1
TRACE::2023-05-26.11:01:57::SCWPlatform::Started preparing the platform 
TRACE::2023-05-26.11:01:57::SCWSystem::Writing the bif file for system config design_1_wrapper_V1
TRACE::2023-05-26.11:01:57::SCWSystem::dir created 
TRACE::2023-05-26.11:01:57::SCWSystem::Writing the bif 
TRACE::2023-05-26.11:01:57::SCWPlatform::Started writing the spfm file 
TRACE::2023-05-26.11:01:57::SCWPlatform::Started writing the xpfm file 
TRACE::2023-05-26.11:01:57::SCWPlatform::Completed generating the platform
TRACE::2023-05-26.11:01:57::SCWMssOS::Saving the mss changes C:/Users/mafassi/Desktop/UART_LVDS_Vitis2/design_1_wrapper_V1/microblaze_0/standalone_microblaze_0/bsp/system.mss
TRACE::2023-05-26.11:01:57::SCWMssOS::Found a swdesign opened with the mssfile.
TRACE::2023-05-26.11:01:57::SCWMssOS::Completed writemss as part of save.
TRACE::2023-05-26.11:01:57::SCWMssOS::Commit changes completed.
TRACE::2023-05-26.11:01:57::SCWPlatform::Trying to open the hw design at C:/Users/mafassi/Desktop/UART_LVDS_Vitis2/design_1_wrapper_V1/hw/design_1_wrapper_V1.xsa
TRACE::2023-05-26.11:01:57::SCWPlatform::DSA given C:/Users/mafassi/Desktop/UART_LVDS_Vitis2/design_1_wrapper_V1/hw/design_1_wrapper_V1.xsa
TRACE::2023-05-26.11:01:57::SCWPlatform::DSA absoulate path C:/Users/mafassi/Desktop/UART_LVDS_Vitis2/design_1_wrapper_V1/hw/design_1_wrapper_V1.xsa
TRACE::2023-05-26.11:01:57::SCWPlatform::DSA directory C:/Users/mafassi/Desktop/UART_LVDS_Vitis2/design_1_wrapper_V1/hw
TRACE::2023-05-26.11:01:57::SCWPlatform:: Platform Path C:/Users/mafassi/Desktop/UART_LVDS_Vitis2/design_1_wrapper_V1/hw/design_1_wrapper_V1.xsa
TRACE::2023-05-26.11:01:57::SCWPlatform:: Unique name xilinx:nexys_video::0.0
TRACE::2023-05-26.11:01:57::SCWPlatform::Trying to set the existing hwdb with name design_1_wrapper_10
TRACE::2023-05-26.11:01:57::SCWPlatform::Opened existing hwdb design_1_wrapper_10
TRACE::2023-05-26.11:01:57::SCWPlatform::Found the Hw Db part of the input DSA
TRACE::2023-05-26.11:01:57::SCWMssOS::Checking the sw design at  C:/Users/mafassi/Desktop/UART_LVDS_Vitis2/design_1_wrapper_V1/microblaze_0/standalone_microblaze_0/bsp/system.mss
TRACE::2023-05-26.11:01:57::SCWMssOS::DEBUG:  swdes dump  C:/Users/mafassi/Desktop/UART_LVDS_Vitis2/LVDS_UART_PLATFORM/microblaze_0/standalone_domain/bsp/system.mss|system_0||
C:/Users/mafassi/Desktop/UART_LVDS_Vitis2/Microblaze_LVDS/microblaze_0/standalone_microblaze_0/bsp/system.mss|system||
C:/Users/mafassi/Desktop/UART_LVDS_Vitis2/design_1_wrapper_V1/microblaze_0/standalone_microblaze_0/bsp/system.mss|system_1||

TRACE::2023-05-26.11:01:57::SCWMssOS::Sw design exists and opened at  C:/Users/mafassi/Desktop/UART_LVDS_Vitis2/design_1_wrapper_V1/microblaze_0/standalone_microblaze_0/bsp/system.mss
TRACE::2023-05-26.11:01:57::SCWPlatform::Trying to open the hw design at C:/Users/mafassi/Desktop/UART_LVDS_Vitis2/design_1_wrapper_V1/hw/design_1_wrapper_V1.xsa
TRACE::2023-05-26.11:01:57::SCWPlatform::DSA given C:/Users/mafassi/Desktop/UART_LVDS_Vitis2/design_1_wrapper_V1/hw/design_1_wrapper_V1.xsa
TRACE::2023-05-26.11:01:57::SCWPlatform::DSA absoulate path C:/Users/mafassi/Desktop/UART_LVDS_Vitis2/design_1_wrapper_V1/hw/design_1_wrapper_V1.xsa
TRACE::2023-05-26.11:01:57::SCWPlatform::DSA directory C:/Users/mafassi/Desktop/UART_LVDS_Vitis2/design_1_wrapper_V1/hw
TRACE::2023-05-26.11:01:57::SCWPlatform:: Platform Path C:/Users/mafassi/Desktop/UART_LVDS_Vitis2/design_1_wrapper_V1/hw/design_1_wrapper_V1.xsa
TRACE::2023-05-26.11:01:57::SCWPlatform:: Unique name xilinx:nexys_video::0.0
TRACE::2023-05-26.11:01:57::SCWPlatform::Trying to set the existing hwdb with name design_1_wrapper_10
TRACE::2023-05-26.11:01:57::SCWPlatform::Opened existing hwdb design_1_wrapper_10
TRACE::2023-05-26.11:01:57::SCWPlatform::Found the Hw Db part of the input DSA
TRACE::2023-05-26.11:01:57::SCWMssOS::Checking the sw design at  C:/Users/mafassi/Desktop/UART_LVDS_Vitis2/design_1_wrapper_V1/microblaze_0/standalone_microblaze_0/bsp/system.mss
TRACE::2023-05-26.11:01:57::SCWMssOS::DEBUG:  swdes dump  C:/Users/mafassi/Desktop/UART_LVDS_Vitis2/LVDS_UART_PLATFORM/microblaze_0/standalone_domain/bsp/system.mss|system_0||
C:/Users/mafassi/Desktop/UART_LVDS_Vitis2/Microblaze_LVDS/microblaze_0/standalone_microblaze_0/bsp/system.mss|system||
C:/Users/mafassi/Desktop/UART_LVDS_Vitis2/design_1_wrapper_V1/microblaze_0/standalone_microblaze_0/bsp/system.mss|system_1||

TRACE::2023-05-26.11:01:57::SCWMssOS::Sw design exists and opened at  C:/Users/mafassi/Desktop/UART_LVDS_Vitis2/design_1_wrapper_V1/microblaze_0/standalone_microblaze_0/bsp/system.mss
TRACE::2023-05-26.11:01:57::SCWPlatform::Trying to open the hw design at C:/Users/mafassi/Desktop/UART_LVDS_Vitis2/design_1_wrapper_V1/hw/design_1_wrapper_V1.xsa
TRACE::2023-05-26.11:01:57::SCWPlatform::DSA given C:/Users/mafassi/Desktop/UART_LVDS_Vitis2/design_1_wrapper_V1/hw/design_1_wrapper_V1.xsa
TRACE::2023-05-26.11:01:57::SCWPlatform::DSA absoulate path C:/Users/mafassi/Desktop/UART_LVDS_Vitis2/design_1_wrapper_V1/hw/design_1_wrapper_V1.xsa
TRACE::2023-05-26.11:01:57::SCWPlatform::DSA directory C:/Users/mafassi/Desktop/UART_LVDS_Vitis2/design_1_wrapper_V1/hw
TRACE::2023-05-26.11:01:57::SCWPlatform:: Platform Path C:/Users/mafassi/Desktop/UART_LVDS_Vitis2/design_1_wrapper_V1/hw/design_1_wrapper_V1.xsa
TRACE::2023-05-26.11:01:57::SCWPlatform:: Unique name xilinx:nexys_video::0.0
TRACE::2023-05-26.11:01:57::SCWPlatform::Trying to set the existing hwdb with name design_1_wrapper_10
TRACE::2023-05-26.11:01:57::SCWPlatform::Opened existing hwdb design_1_wrapper_10
TRACE::2023-05-26.11:01:57::SCWPlatform::Found the Hw Db part of the input DSA
TRACE::2023-05-26.11:01:57::SCWMssOS::Checking the sw design at  C:/Users/mafassi/Desktop/UART_LVDS_Vitis2/design_1_wrapper_V1/microblaze_0/standalone_microblaze_0/bsp/system.mss
TRACE::2023-05-26.11:01:57::SCWMssOS::DEBUG:  swdes dump  C:/Users/mafassi/Desktop/UART_LVDS_Vitis2/LVDS_UART_PLATFORM/microblaze_0/standalone_domain/bsp/system.mss|system_0||
C:/Users/mafassi/Desktop/UART_LVDS_Vitis2/Microblaze_LVDS/microblaze_0/standalone_microblaze_0/bsp/system.mss|system||
C:/Users/mafassi/Desktop/UART_LVDS_Vitis2/design_1_wrapper_V1/microblaze_0/standalone_microblaze_0/bsp/system.mss|system_1||

TRACE::2023-05-26.11:01:57::SCWMssOS::Sw design exists and opened at  C:/Users/mafassi/Desktop/UART_LVDS_Vitis2/design_1_wrapper_V1/microblaze_0/standalone_microblaze_0/bsp/system.mss
TRACE::2023-05-26.11:01:57::SCWWriter::formatted JSON is {
	"platformName":	"design_1_wrapper_V1",
	"sprVersion":	"2.0",
	"mode":	"gui",
	"dsaType":	"Fixed",
	"platformDesc":	"design_1_wrapper_V1",
	"platHandOff":	"C:/Users/mafassi/Downloads/carte_blowbox/blowbox/Microblaze5/design_1_wrapper_V1.xsa",
	"platIntHandOff":	"<platformDir>/hw/design_1_wrapper_V1.xsa",
	"deviceType":	"FPGA",
	"platIsPrebuiltAutogen":	"false",
	"platIsNoBootBsp":	"false",
	"hasFsblMakeHasChanges":	"false",
	"hasPmufwMakeHasChanges":	"false",
	"platPreBuiltFlag":	false,
	"platformSamplesDir":	"",
	"platActiveSys":	"design_1_wrapper_V1",
	"systems":	[{
			"systemName":	"design_1_wrapper_V1",
			"systemDesc":	"design_1_wrapper_V1",
			"sysIsBootAutoGen":	"true",
			"systemDispName":	"design_1_wrapper_V1",
			"sysActiveDom":	"standalone_microblaze_0",
			"sysDefaultDom":	"standalone_microblaze_0",
			"domains":	[{
					"domainName":	"standalone_microblaze_0",
					"domainDispName":	"standalone_microblaze_0",
					"domainDesc":	"standalone_microblaze_0",
					"processors":	"microblaze_0",
					"os":	"standalone",
					"sdxOs":	"standalone",
					"debugEnable":	"False",
					"domRuntimes":	["cpp"],
					"swRepo":	"",
					"mssOsVer":	"7.3",
					"mssFile":	"",
					"md5Digest":	"7090ec96ed4e3e3afe4a562cc0a0369a",
					"compatibleApp":	"srec_spi_bootloader",
					"domType":	"mssDomain",
					"arch":	"32-bit",
					"appSettings":	{
						"appCompilerFlags":	"",
						"appLinkerFlags":	""
					},
					"addedLibs":	[],
					"libOptions":	{
						"libsContainingOptions":	[]
					},
					"prebuiltLibs":	{
						"prebuiltIncPath":	[],
						"prebuiltLibPath":	[]
					},
					"isolation":	{
					}
				}]
		}]
}
KEYINFO::2023-05-26.11:01:57::SCWPlatform::updated the xpfm file.
TRACE::2023-05-26.11:02:15::SCWPlatform::Clearing the existing platform
TRACE::2023-05-26.11:02:15::SCWSystem::Clearing the existing sysconfig
TRACE::2023-05-26.11:02:15::SCWMssOS::Removing the swdes entry for  C:/Users/mafassi/Desktop/UART_LVDS_Vitis2/design_1_wrapper_V1/microblaze_0/standalone_microblaze_0/bsp/system.mss
TRACE::2023-05-26.11:02:15::SCWSystem::Clearing the domains completed.
TRACE::2023-05-26.11:02:15::SCWPlatform::Clearing the opened hw db.
TRACE::2023-05-26.11:02:15::SCWPlatform::DSA given C:/Users/mafassi/Desktop/UART_LVDS_Vitis2/design_1_wrapper_V1/hw/design_1_wrapper_V1.xsa
TRACE::2023-05-26.11:02:15::SCWPlatform::DSA absoulate path C:/Users/mafassi/Desktop/UART_LVDS_Vitis2/design_1_wrapper_V1/hw/design_1_wrapper_V1.xsa
TRACE::2023-05-26.11:02:15::SCWPlatform:: Platform location is C:/Users/mafassi/Desktop/UART_LVDS_Vitis2/design_1_wrapper_V1/hw
TRACE::2023-05-26.11:02:15::SCWPlatform:: Platform Path C:/Users/mafassi/Desktop/UART_LVDS_Vitis2/design_1_wrapper_V1/hw/design_1_wrapper_V1.xsa
TRACE::2023-05-26.11:02:15::SCWPlatform:: Unique name xilinx:nexys_video::0.0
TRACE::2023-05-26.11:02:15::SCWPlatform::Removing the HwDB with name C:/Users/mafassi/Desktop/UART_LVDS_Vitis2/design_1_wrapper_V1/hw/design_1_wrapper_V1.xsa
